#
# A fatal error has been detected by the Java Runtime Environment:
#
#  SIGSEGV (0xb) at pc=0x00007f6fd3ba98dc, pid=4655, tid=0x00007f701e7cf700
#
# JRE version: OpenJDK Runtime Environment (8.0_162-b12) (build 1.8.0_162-8u162-b12-0ubuntu0.16.04.2-b12)
# Java VM: OpenJDK 64-Bit Server VM (25.162-b12 mixed mode linux-amd64 compressed oops)
# Problematic frame:
# C  [liblwjgl_opengl.so+0x468dc]  Java_org_lwjgl_opengl_GL30_nglGenVertexArrays__IJ+0xc
#
# Failed to write core dump. Core dumps have been disabled. To enable core dumping, try "ulimit -c unlimited" before starting Java again
#
# If you would like to submit a bug report, please visit:
#   http://bugreport.java.com/bugreport/crash.jsp
# The crash happened outside the Java Virtual Machine in native code.
# See problematic frame for where to report the bug.
#

---------------  T H R E A D  ---------------

Current thread (0x00007f7054182000):  JavaThread "Thread-1" [_thread_in_native, id=4691, stack(0x00007f701e6cf000,0x00007f701e7d0000)]

siginfo: si_signo: 11 (SIGSEGV), si_code: 1 (SEGV_MAPERR), si_addr: 0x0000000000000f18

Registers:
RAX=0x0000000000000000, RBX=0x00007f70589be338, RCX=0x00007f6fe4050d1c, RDX=0x0000000000000001
RSP=0x00007f701e7ce578, RBP=0x00007f701e7ce5e0, RSI=0x00007f6fe4050d1c, RDI=0x0000000000000001
R8 =0x00007f70589be338, R9 =0x0000000000000006, R10=0x00007f704502017c, R11=0x00007f705ccf3f50
R12=0x0000000000000000, R13=0x00007f70589be338, R14=0x00007f701e7ce610, R15=0x00007f7054182000
RIP=0x00007f6fd3ba98dc, EFLAGS=0x0000000000010283, CSGSFS=0x002b000000000033, ERR=0x0000000000000004
  TRAPNO=0x000000000000000e

Top of Stack: (sp=0x00007f701e7ce578)
0x00007f701e7ce578:   00007f70450201a8 00007f701e7ce5e0
0x00007f701e7ce588:   00007f704501fc19 fffffffe00000000
0x00007f701e7ce598:   00007f704501fbe2 00007f701e7ce5a0
0x00007f701e7ce5a8:   00007f70589be338 00007f701e7ce610
0x00007f701e7ce5b8:   00007f70589c0a78 0000000000000000
0x00007f701e7ce5c8:   00007f70589be338 0000000000000000
0x00007f701e7ce5d8:   00007f701e7ce600 00007f701e7ce658
0x00007f701e7ce5e8:   00007f704500809d 00000000d6ddb5d8
0x00007f701e7ce5f8:   00007f7045016a78 00007f6fe4050d1c
0x00007f701e7ce608:   00000000d73c3218 0000000000000001
0x00007f701e7ce618:   00007f701e7ce618 00007f70589be48c
0x00007f701e7ce628:   00007f701e7ce688 00007f70589c0a78
0x00007f701e7ce638:   0000000000000000 00007f70589be4f0
0x00007f701e7ce648:   00007f701e7ce600 00007f701e7ce690
0x00007f701e7ce658:   00007f701e7ce6d8 00007f7045007ae0
0x00007f701e7ce668:   0000000000000000 0000000000000000
0x00007f701e7ce678:   00000000d73c3218 0000000000010000
0x00007f701e7ce688:   00000000d73b4a58 00000000d6db36a8
0x00007f701e7ce698:   00007f701e7ce698 00007f70589b0556
0x00007f701e7ce6a8:   00007f701e7ce710 00007f70589b2b78
0x00007f701e7ce6b8:   0000000000000000 00007f70589b0618
0x00007f701e7ce6c8:   00007f701e7ce690 00007f701e7ce6f0
0x00007f701e7ce6d8:   00007f701e7ce758 00007f704500809d
0x00007f701e7ce6e8:   0000000000000000 00000000d6d3c570
0x00007f701e7ce6f8:   0000000000000003 00000000d6daf150
0x00007f701e7ce708:   00000000d6d62f18 00000000d6db36a8
0x00007f701e7ce718:   00007f701e7ce718 00007f70589b1f9e
0x00007f701e7ce728:   00007f701e7ce788 00007f70589b2f40
0x00007f701e7ce738:   0000000000000000 00007f70589b1fe8
0x00007f701e7ce748:   00007f701e7ce6f0 00007f701e7ce768
0x00007f701e7ce758:   00007f701e7ce7e8 00007f704500809d
0x00007f701e7ce768:   00000000d6d3c570 0000000000000003 

Instructions: (pc=0x00007f6fd3ba98dc)
0x00007f6fd3ba98bc:   c0 1b 00 00 ff e0 66 66 66 66 66 2e 0f 1f 84 00
0x00007f6fd3ba98cc:   00 00 00 00 48 8b 07 48 89 ce 89 d7 48 8b 40 18
0x00007f6fd3ba98dc:   48 8b 80 18 0f 00 00 ff e0 66 66 2e 0f 1f 84 00
0x00007f6fd3ba98ec:   00 00 00 00 48 8b 07 48 89 ce 89 d7 48 8b 40 18 

Register to memory mapping:

RAX=0x0000000000000000 is an unknown value
RBX={method} {0x00007f70589be338} 'nglGenVertexArrays' '(IJ)V' in 'org/lwjgl/opengl/GL30'
RCX=0x00007f6fe4050d1c is an unknown value
RDX=0x0000000000000001 is an unknown value
RSP=0x00007f701e7ce578 is pointing into the stack for thread: 0x00007f7054182000
RBP=0x00007f701e7ce5e0 is pointing into the stack for thread: 0x00007f7054182000
RSI=0x00007f6fe4050d1c is an unknown value
RDI=0x0000000000000001 is an unknown value
R8 ={method} {0x00007f70589be338} 'nglGenVertexArrays' '(IJ)V' in 'org/lwjgl/opengl/GL30'
R9 =0x0000000000000006 is an unknown value
R10=0x00007f704502017c is at code_begin+1596 in an Interpreter codelet
method entry point (kind = native)  [0x00007f704501fb40, 0x00007f7045020b20]  4064 bytes
R11=0x00007f705ccf3f50: <offset 0x960f50> in /usr/lib/jvm/java-8-openjdk-amd64/jre/lib/amd64/server/libjvm.so at 0x00007f705c393000
R12=0x0000000000000000 is an unknown value
R13={method} {0x00007f70589be338} 'nglGenVertexArrays' '(IJ)V' in 'org/lwjgl/opengl/GL30'
R14=0x00007f701e7ce610 is pointing into the stack for thread: 0x00007f7054182000
R15=0x00007f7054182000 is a thread


Stack: [0x00007f701e6cf000,0x00007f701e7d0000],  sp=0x00007f701e7ce578,  free space=1021k
Native frames: (J=compiled Java code, j=interpreted, Vv=VM code, C=native code)
C  [liblwjgl_opengl.so+0x468dc]  Java_org_lwjgl_opengl_GL30_nglGenVertexArrays__IJ+0xc
j  org.lwjgl.opengl.GL30.glGenVertexArrays()I+20
j  engine.world.Block.<init>(Lengine/world/Chunk;[IILjava/lang/Byte;)V+158
j  engine.world.blocks.Grass.<init>(Lengine/world/Chunk;[IILjava/lang/Byte;)V+6
j  engine.world.Chunk.updateChunk()V+207
j  engine.generation.Generate.generateChunk(Lengine/world/Chunk;)V+46
j  engine.generation.Generate.generateColumn(Lengine/world/ChunkColumn;)V+20
j  engine.world.ChunkColumn.<init>(II)V+19
j  engine.Load.run()V+137
j  java.lang.Thread.run()V+11
v  ~StubRoutines::call_stub
V  [libjvm.so+0x66440b]
V  [libjvm.so+0x6619e4]
V  [libjvm.so+0x661fc7]
V  [libjvm.so+0x6a5254]
V  [libjvm.so+0xa117f7]
V  [libjvm.so+0xa11cbc]
V  [libjvm.so+0x8b7222]
C  [libpthread.so.0+0x76ba]  start_thread+0xca

Java frames: (J=compiled Java code, j=interpreted, Vv=VM code)
j  org.lwjgl.opengl.GL30.nglGenVertexArrays(IJ)V+0
j  org.lwjgl.opengl.GL30.glGenVertexArrays()I+20
j  engine.world.Block.<init>(Lengine/world/Chunk;[IILjava/lang/Byte;)V+158
j  engine.world.blocks.Grass.<init>(Lengine/world/Chunk;[IILjava/lang/Byte;)V+6
j  engine.world.Chunk.updateChunk()V+207
j  engine.generation.Generate.generateChunk(Lengine/world/Chunk;)V+46
j  engine.generation.Generate.generateColumn(Lengine/world/ChunkColumn;)V+20
j  engine.world.ChunkColumn.<init>(II)V+19
j  engine.Load.run()V+137
j  java.lang.Thread.run()V+11
v  ~StubRoutines::call_stub

---------------  P R O C E S S  ---------------

Java Threads: ( => current thread )
  0x00007f705400f000 JavaThread "DestroyJavaVM" [_thread_blocked, id=4662, stack(0x00007f705e027000,0x00007f705e128000)]
=>0x00007f7054182000 JavaThread "Thread-1" [_thread_in_native, id=4691, stack(0x00007f701e6cf000,0x00007f701e7d0000)]
  0x00007f7054181000 JavaThread "Thread-0" [_thread_in_native, id=4690, stack(0x00007f701e7d0000,0x00007f701e8d1000)]
  0x00007f70540d7800 JavaThread "Service Thread" daemon [_thread_blocked, id=4688, stack(0x00007f701e9e3000,0x00007f701eae4000)]
  0x00007f70540d4000 JavaThread "C1 CompilerThread3" daemon [_thread_blocked, id=4686, stack(0x00007f701eae4000,0x00007f701ebe5000)]
  0x00007f70540d2000 JavaThread "C2 CompilerThread2" daemon [_thread_blocked, id=4685, stack(0x00007f701ebe5000,0x00007f701ece6000)]
  0x00007f70540d0000 JavaThread "C2 CompilerThread1" daemon [_thread_blocked, id=4684, stack(0x00007f701ece6000,0x00007f701ede7000)]
  0x00007f70540cd800 JavaThread "C2 CompilerThread0" daemon [_thread_blocked, id=4683, stack(0x00007f701ede7000,0x00007f701eee8000)]
  0x00007f700c001000 JavaThread "JDWP Command Reader" daemon [_thread_in_native, id=4680, stack(0x00007f701eee8000,0x00007f701efe9000)]
  0x00007f70540cb000 JavaThread "JDWP Event Helper Thread" daemon [_thread_blocked, id=4679, stack(0x00007f701efe9000,0x00007f701f0ea000)]
  0x00007f70540c7800 JavaThread "JDWP Transport Listener: dt_socket" daemon [_thread_blocked, id=4678, stack(0x00007f701f0ea000,0x00007f701f1eb000)]
  0x00007f70540b7800 JavaThread "Signal Dispatcher" daemon [_thread_blocked, id=4674, stack(0x00007f701f3f4000,0x00007f701f4f5000)]
  0x00007f7054091000 JavaThread "Finalizer" daemon [_thread_blocked, id=4673, stack(0x00007f701f4f5000,0x00007f701f5f6000)]
  0x00007f705408c000 JavaThread "Reference Handler" daemon [_thread_blocked, id=4672, stack(0x00007f701f5f6000,0x00007f701f6f7000)]

Other Threads:
  0x00007f7054084800 VMThread [stack: 0x00007f701f6f7000,0x00007f701f7f8000] [id=4671]
  0x00007f70540da000 WatcherThread [stack: 0x00007f701e8e2000,0x00007f701e9e3000] [id=4689]

VM state:not at safepoint (normal execution)

VM Mutex/Monitor currently owned by a thread: None

Heap:
 PSYoungGen      total 36864K, used 8890K [0x00000000d6b80000, 0x00000000d9480000, 0x0000000100000000)
  eden space 31744K, 28% used [0x00000000d6b80000,0x00000000d742e9f0,0x00000000d8a80000)
  from space 5120K, 0% used [0x00000000d8f80000,0x00000000d8f80000,0x00000000d9480000)
  to   space 5120K, 0% used [0x00000000d8a80000,0x00000000d8a80000,0x00000000d8f80000)
 ParOldGen       total 84992K, used 0K [0x0000000084200000, 0x0000000089500000, 0x00000000d6b80000)
  object space 84992K, 0% used [0x0000000084200000,0x0000000084200000,0x0000000089500000)
 Metaspace       used 5494K, capacity 5740K, committed 5888K, reserved 1056768K
  class space    used 571K, capacity 642K, committed 768K, reserved 1048576K

Card table byte_map: [0x00007f7059b6b000,0x00007f7059f4b000] byte_map_base: 0x00007f705974a000

Marking Bits: (ParMarkBitMap*) 0x00007f705d2ba300
 Begin Bits: [0x00007f7028210000, 0x00007f702a108000)
 End Bits:   [0x00007f702a108000, 0x00007f702c000000)

Polling page: 0x00007f705e12b000

CodeCache: size=245760Kb used=2265Kb max_used=2265Kb free=243494Kb
 bounds [0x00007f7045000000, 0x00007f7045270000, 0x00007f7054000000]
 total_blobs=1129 nmethods=450 adapters=603
 compilation: enabled

Compilation events (10 events):
Event: 0.468 Thread 0x00007f70540d4000  444       3       java.util.regex.Pattern$Node::match (27 bytes)
Event: 0.469 Thread 0x00007f70540d4000 nmethod 444 0x00007f7045235a10 code [0x00007f7045235b80, 0x00007f7045235d30]
Event: 0.469 Thread 0x00007f70540d4000  446       3       java.util.regex.Pattern$5::isSatisfiedBy (28 bytes)
Event: 0.469 Thread 0x00007f70540d4000 nmethod 446 0x00007f7045235e90 code [0x00007f7045236020, 0x00007f70452363b8]
Event: 0.469 Thread 0x00007f70540d4000  448       1       sun.misc.URLClassPath$JarLoader::access$600 (5 bytes)
Event: 0.469 Thread 0x00007f70540d4000 nmethod 448 0x00007f70452364d0 code [0x00007f7045236620, 0x00007f7045236710]
Event: 0.469 Thread 0x00007f70540d4000  449       1       java.net.URLClassLoader::access$000 (5 bytes)
Event: 0.469 Thread 0x00007f70540d4000 nmethod 449 0x00007f7045236790 code [0x00007f70452368e0, 0x00007f70452369d0]
Event: 0.470 Thread 0x00007f70540d4000  450  s    3       java.lang.StringBuffer::append (13 bytes)
Event: 0.470 Thread 0x00007f70540d4000 nmethod 450 0x00007f7045236a50 code [0x00007f7045236bc0, 0x00007f7045236ee8]

GC Heap History (0 events):
No events

Deoptimization events (0 events):
No events

Classes redefined (0 events):
No events

Internal exceptions (10 events):
Event: 0.225 Thread 0x00007f7054181000 Exception <a 'java/lang/NoSuchFieldError': method resolution failed> (0x00000000d6ff3090) thrown at [/build/openjdk-8-OdO8jS/openjdk-8-8u162-b12/src/hotspot/src/share/vm/prims/methodHandles.cpp, line 1167]
Event: 0.290 Thread 0x00007f7054181000 Exception <a 'java/security/PrivilegedActionException'> (0x00000000d7141e38) thrown at [/build/openjdk-8-OdO8jS/openjdk-8-8u162-b12/src/hotspot/src/share/vm/prims/jvm.cpp, line 1390]
Event: 0.290 Thread 0x00007f7054181000 Exception <a 'java/security/PrivilegedActionException'> (0x00000000d7142048) thrown at [/build/openjdk-8-OdO8jS/openjdk-8-8u162-b12/src/hotspot/src/share/vm/prims/jvm.cpp, line 1390]
Event: 0.290 Thread 0x00007f7054181000 Exception <a 'java/security/PrivilegedActionException'> (0x00000000d71440d0) thrown at [/build/openjdk-8-OdO8jS/openjdk-8-8u162-b12/src/hotspot/src/share/vm/prims/jvm.cpp, line 1390]
Event: 0.290 Thread 0x00007f7054181000 Exception <a 'java/security/PrivilegedActionException'> (0x00000000d71442e0) thrown at [/build/openjdk-8-OdO8jS/openjdk-8-8u162-b12/src/hotspot/src/share/vm/prims/jvm.cpp, line 1390]
Event: 0.290 Thread 0x00007f7054181000 Exception <a 'java/security/PrivilegedActionException'> (0x00000000d7144db8) thrown at [/build/openjdk-8-OdO8jS/openjdk-8-8u162-b12/src/hotspot/src/share/vm/prims/jvm.cpp, line 1390]
Event: 0.290 Thread 0x00007f7054181000 Exception <a 'java/security/PrivilegedActionException'> (0x00000000d7144fc8) thrown at [/build/openjdk-8-OdO8jS/openjdk-8-8u162-b12/src/hotspot/src/share/vm/prims/jvm.cpp, line 1390]
Event: 0.455 Thread 0x00007f7054182000 Exception <a 'java/lang/ArrayIndexOutOfBoundsException': -243> (0x00000000d6daf338) thrown at [/build/openjdk-8-OdO8jS/openjdk-8-8u162-b12/src/hotspot/src/share/vm/interpreter/interpreterRuntime.cpp, line 366]
Event: 0.455 Thread 0x00007f7054182000 Exception <a 'java/lang/ArrayIndexOutOfBoundsException': -3> (0x00000000d6daf570) thrown at [/build/openjdk-8-OdO8jS/openjdk-8-8u162-b12/src/hotspot/src/share/vm/interpreter/interpreterRuntime.cpp, line 366]
Event: 0.469 Thread 0x00007f7054182000 Exception <a 'sun/nio/fs/UnixException'> (0x00000000d73b3c30) thrown at [/build/openjdk-8-OdO8jS/openjdk-8-8u162-b12/src/hotspot/src/share/vm/prims/jni.cpp, line 709]

Events (10 events):
Event: 0.470 Thread 0x00007f7054182000 DEOPT PACKING pc=0x00007f704518e4d4 sp=0x00007f701e7ca690
Event: 0.470 Thread 0x00007f7054182000 DEOPT UNPACKING pc=0x00007f70450470c4 sp=0x00007f701e7ca4d0 mode 1
Event: 0.470 Thread 0x00007f7054182000 DEOPT PACKING pc=0x00007f704518e274 sp=0x00007f701e7ca820
Event: 0.470 Thread 0x00007f7054182000 DEOPT UNPACKING pc=0x00007f70450470c4 sp=0x00007f701e7ca678 mode 1
Event: 0.470 loading class org/lwjgl/system/SharedLibrary$Delegate
Event: 0.470 loading class org/lwjgl/system/SharedLibrary$Delegate done
Event: 0.470 Thread 0x00007f7054182000 DEOPT PACKING pc=0x00007f704518e4d4 sp=0x00007f701e7c86d0
Event: 0.470 Thread 0x00007f7054182000 DEOPT UNPACKING pc=0x00007f70450470c4 sp=0x00007f701e7c8510 mode 1
Event: 0.470 Thread 0x00007f7054182000 DEOPT PACKING pc=0x00007f704518e274 sp=0x00007f701e7c8860
Event: 0.470 Thread 0x00007f7054182000 DEOPT UNPACKING pc=0x00007f70450470c4 sp=0x00007f701e7c86b8 mode 1


Dynamic libraries:
00400000-00401000 r-xp 00000000 08:15 28969009                           /usr/lib/jvm/java-8-openjdk-amd64/jre/bin/java
00600000-00601000 r--p 00000000 08:15 28969009                           /usr/lib/jvm/java-8-openjdk-amd64/jre/bin/java
00601000-00602000 rw-p 00001000 08:15 28969009                           /usr/lib/jvm/java-8-openjdk-amd64/jre/bin/java
00aae000-00acf000 rw-p 00000000 00:00 0                                  [heap]
84200000-89500000 rw-p 00000000 00:00 0 
89500000-d6b80000 ---p 00000000 00:00 0 
d6b80000-d9480000 rw-p 00000000 00:00 0 
d9480000-100000000 ---p 00000000 00:00 0 
100000000-1000c0000 rw-p 00000000 00:00 0 
1000c0000-140000000 ---p 00000000 00:00 0 
7f6fd3b63000-7f6fd3bcc000 r-xp 00000000 08:15 1841744                    /tmp/lwjglpatrick/3.1.2-build-29/liblwjgl_opengl.so
7f6fd3bcc000-7f6fd3dcb000 ---p 00069000 08:15 1841744                    /tmp/lwjglpatrick/3.1.2-build-29/liblwjgl_opengl.so
7f6fd3dcb000-7f6fd3dcc000 r--p 00068000 08:15 1841744                    /tmp/lwjglpatrick/3.1.2-build-29/liblwjgl_opengl.so
7f6fd3dcc000-7f6fd3dcd000 rw-p 00069000 08:15 1841744                    /tmp/lwjglpatrick/3.1.2-build-29/liblwjgl_opengl.so
7f6fd3dcf000-7f6fd3dd0000 ---p 00000000 00:00 0 
7f6fd3dd0000-7f6fd45d0000 rw-p 00000000 00:00 0 
7f6fd45d0000-7f6fd45d1000 ---p 00000000 00:00 0 
7f6fd45d1000-7f6fd4dd1000 rw-p 00000000 00:00 0 
7f6fd4dd1000-7f6fd4dd2000 ---p 00000000 00:00 0 
7f6fd4dd2000-7f6fd55d2000 rw-p 00000000 00:00 0 
7f6fd55d2000-7f6fd55d3000 ---p 00000000 00:00 0 
7f6fd55d3000-7f6fd5dd3000 rw-p 00000000 00:00 0 
7f6fd5dd3000-7f6fd5e0a000 r-xp 00000000 08:15 28844971                   /usr/lib/x86_64-linux-gnu/libtxc_dxtn_s2tc.so.0.0.0
7f6fd5e0a000-7f6fd6009000 ---p 00037000 08:15 28844971                   /usr/lib/x86_64-linux-gnu/libtxc_dxtn_s2tc.so.0.0.0
7f6fd6009000-7f6fd600a000 r--p 00036000 08:15 28844971                   /usr/lib/x86_64-linux-gnu/libtxc_dxtn_s2tc.so.0.0.0
7f6fd600a000-7f6fd600b000 rw-p 00037000 08:15 28844971                   /usr/lib/x86_64-linux-gnu/libtxc_dxtn_s2tc.so.0.0.0
7f6fd6012000-7f6fd6013000 ---p 00000000 00:00 0 
7f6fd6013000-7f6fd6813000 rw-p 00000000 00:00 0 
7f6fd6813000-7f6fd6826000 r-xp 00000000 08:15 5247383                    /lib/x86_64-linux-gnu/libbsd.so.0.8.2
7f6fd6826000-7f6fd6a25000 ---p 00013000 08:15 5247383                    /lib/x86_64-linux-gnu/libbsd.so.0.8.2
7f6fd6a25000-7f6fd6a26000 r--p 00012000 08:15 5247383                    /lib/x86_64-linux-gnu/libbsd.so.0.8.2
7f6fd6a26000-7f6fd6a27000 rw-p 00013000 08:15 5247383                    /lib/x86_64-linux-gnu/libbsd.so.0.8.2
7f6fd6a27000-7f6fd6a28000 rw-p 00000000 00:00 0 
7f6fd6a2b000-7f6fd6a50000 r-xp 00000000 08:15 5247559                    /lib/x86_64-linux-gnu/libtinfo.so.5.9
7f6fd6a50000-7f6fd6c4f000 ---p 00025000 08:15 5247559                    /lib/x86_64-linux-gnu/libtinfo.so.5.9
7f6fd6c4f000-7f6fd6c53000 r--p 00024000 08:15 5247559                    /lib/x86_64-linux-gnu/libtinfo.so.5.9
7f6fd6c53000-7f6fd6c54000 rw-p 00028000 08:15 5247559                    /lib/x86_64-linux-gnu/libtinfo.so.5.9
7f6fd6c5b000-7f6fd6c8c000 r-xp 00000000 08:15 28844098                   /usr/lib/x86_64-linux-gnu/libedit.so.2.0.53
7f6fd6c8c000-7f6fd6e8c000 ---p 00031000 08:15 28844098                   /usr/lib/x86_64-linux-gnu/libedit.so.2.0.53
7f6fd6e8c000-7f6fd6e8e000 r--p 00031000 08:15 28844098                   /usr/lib/x86_64-linux-gnu/libedit.so.2.0.53
7f6fd6e8e000-7f6fd6e8f000 rw-p 00033000 08:15 28844098                   /usr/lib/x86_64-linux-gnu/libedit.so.2.0.53
7f6fd6e8f000-7f6fd6e93000 rw-p 00000000 00:00 0 
7f6fd6e93000-7f6fd6e9a000 r-xp 00000000 08:15 28844146                   /usr/lib/x86_64-linux-gnu/libffi.so.6.0.4
7f6fd6e9a000-7f6fd7099000 ---p 00007000 08:15 28844146                   /usr/lib/x86_64-linux-gnu/libffi.so.6.0.4
7f6fd7099000-7f6fd709a000 r--p 00006000 08:15 28844146                   /usr/lib/x86_64-linux-gnu/libffi.so.6.0.4
7f6fd709a000-7f6fd709b000 rw-p 00007000 08:15 28844146                   /usr/lib/x86_64-linux-gnu/libffi.so.6.0.4
7f6fd709b000-7f6fd9c79000 r-xp 00000000 08:15 28835901                   /usr/lib/x86_64-linux-gnu/libLLVM-4.0.so.1
7f6fd9c79000-7f6fd9c7a000 ---p 02bde000 08:15 28835901                   /usr/lib/x86_64-linux-gnu/libLLVM-4.0.so.1
7f6fd9c7a000-7f6fd9f8e000 r--p 02bde000 08:15 28835901                   /usr/lib/x86_64-linux-gnu/libLLVM-4.0.so.1
7f6fd9f8e000-7f6fd9f93000 rw-p 02ef2000 08:15 28835901                   /usr/lib/x86_64-linux-gnu/libLLVM-4.0.so.1
7f6fd9f93000-7f6fd9fe2000 rw-p 00000000 00:00 0 
7f6fd9fe3000-7f6fd9ffa000 r-xp 00000000 08:15 28844103                   /usr/lib/x86_64-linux-gnu/libelf-0.165.so
7f6fd9ffa000-7f6fda1f9000 ---p 00017000 08:15 28844103                   /usr/lib/x86_64-linux-gnu/libelf-0.165.so
7f6fda1f9000-7f6fda1fa000 r--p 00016000 08:15 28844103                   /usr/lib/x86_64-linux-gnu/libelf-0.165.so
7f6fda1fa000-7f6fda1fb000 rw-p 00017000 08:15 28844103                   /usr/lib/x86_64-linux-gnu/libelf-0.165.so
7f6fda1fb000-7f6fda204000 r-xp 00000000 08:15 28839928                   /usr/lib/x86_64-linux-gnu/libdrm_amdgpu.so.1.0.0
7f6fda204000-7f6fda403000 ---p 00009000 08:15 28839928                   /usr/lib/x86_64-linux-gnu/libdrm_amdgpu.so.1.0.0
7f6fda403000-7f6fda404000 r--p 00008000 08:15 28839928                   /usr/lib/x86_64-linux-gnu/libdrm_amdgpu.so.1.0.0
7f6fda404000-7f6fda405000 rw-p 00009000 08:15 28839928                   /usr/lib/x86_64-linux-gnu/libdrm_amdgpu.so.1.0.0
7f6fda40b000-7f6fda416000 r-xp 00000000 08:15 28839924                   /usr/lib/x86_64-linux-gnu/libdrm_radeon.so.1.0.1
7f6fda416000-7f6fda615000 ---p 0000b000 08:15 28839924                   /usr/lib/x86_64-linux-gnu/libdrm_radeon.so.1.0.1
7f6fda615000-7f6fda616000 r--p 0000a000 08:15 28839924                   /usr/lib/x86_64-linux-gnu/libdrm_radeon.so.1.0.1
7f6fda616000-7f6fda617000 rw-p 0000b000 08:15 28839924                   /usr/lib/x86_64-linux-gnu/libdrm_radeon.so.1.0.1
7f6fda61b000-7f6fda622000 r-xp 00000000 08:15 28839926                   /usr/lib/x86_64-linux-gnu/libdrm_nouveau.so.2.0.0
7f6fda622000-7f6fda821000 ---p 00007000 08:15 28839926                   /usr/lib/x86_64-linux-gnu/libdrm_nouveau.so.2.0.0
7f6fda821000-7f6fda822000 r--p 00006000 08:15 28839926                   /usr/lib/x86_64-linux-gnu/libdrm_nouveau.so.2.0.0
7f6fda822000-7f6fda823000 rw-p 00007000 08:15 28839926                   /usr/lib/x86_64-linux-gnu/libdrm_nouveau.so.2.0.0
7f6fda823000-7f6fda831000 r-xp 00000000 08:15 28844859                   /usr/lib/x86_64-linux-gnu/libsensors.so.4.4.0
7f6fda831000-7f6fdaa30000 ---p 0000e000 08:15 28844859                   /usr/lib/x86_64-linux-gnu/libsensors.so.4.4.0
7f6fdaa30000-7f6fdaa31000 r--p 0000d000 08:15 28844859                   /usr/lib/x86_64-linux-gnu/libsensors.so.4.4.0
7f6fdaa31000-7f6fdaa32000 rw-p 0000e000 08:15 28844859                   /usr/lib/x86_64-linux-gnu/libsensors.so.4.4.0
7f6fdaa33000-7f6fdb3c0000 r-xp 00000000 08:15 29100910                   /usr/lib/x86_64-linux-gnu/dri/radeonsi_dri.so
7f6fdb3c0000-7f6fdb5c0000 ---p 0098d000 08:15 29100910                   /usr/lib/x86_64-linux-gnu/dri/radeonsi_dri.so
7f6fdb5c0000-7f6fdb5fb000 r--p 0098d000 08:15 29100910                   /usr/lib/x86_64-linux-gnu/dri/radeonsi_dri.so
7f6fdb5fb000-7f6fdb607000 rw-p 009c8000 08:15 29100910                   /usr/lib/x86_64-linux-gnu/dri/radeonsi_dri.so
7f6fdb607000-7f6fdb7fe000 rw-p 00000000 00:00 0 
7f6fdb803000-7f6fdb813000 r-xp 00000000 08:15 28839920                   /usr/lib/x86_64-linux-gnu/libdrm.so.2.4.0
7f6fdb813000-7f6fdba12000 ---p 00010000 08:15 28839920                   /usr/lib/x86_64-linux-gnu/libdrm.so.2.4.0
7f6fdba12000-7f6fdba13000 r--p 0000f000 08:15 28839920                   /usr/lib/x86_64-linux-gnu/libdrm.so.2.4.0
7f6fdba13000-7f6fdba14000 rw-p 00010000 08:15 28839920                   /usr/lib/x86_64-linux-gnu/libdrm.so.2.4.0
7f6fdba1b000-7f6fdba1f000 r-xp 00000000 08:15 28845138                   /usr/lib/x86_64-linux-gnu/libxcb-dri2.so.0.0.0
7f6fdba1f000-7f6fdbc1e000 ---p 00004000 08:15 28845138                   /usr/lib/x86_64-linux-gnu/libxcb-dri2.so.0.0.0
7f6fdbc1e000-7f6fdbc1f000 r--p 00003000 08:15 28845138                   /usr/lib/x86_64-linux-gnu/libxcb-dri2.so.0.0.0
7f6fdbc1f000-7f6fdbc20000 rw-p 00004000 08:15 28845138                   /usr/lib/x86_64-linux-gnu/libxcb-dri2.so.0.0.0
7f6fdbc23000-7f6fdbc3a000 r-xp 00000000 08:15 28845142                   /usr/lib/x86_64-linux-gnu/libxcb-glx.so.0.0.0
7f6fdbc3a000-7f6fdbe39000 ---p 00017000 08:15 28845142                   /usr/lib/x86_64-linux-gnu/libxcb-glx.so.0.0.0
7f6fdbe39000-7f6fdbe3b000 r--p 00016000 08:15 28845142                   /usr/lib/x86_64-linux-gnu/libxcb-glx.so.0.0.0
7f6fdbe3b000-7f6fdbe3c000 rw-p 00018000 08:15 28845142                   /usr/lib/x86_64-linux-gnu/libxcb-glx.so.0.0.0
7f6fdbe43000-7f6fdbe45000 r-xp 00000000 08:15 28843770                   /usr/lib/x86_64-linux-gnu/libXdamage.so.1.1.0
7f6fdbe45000-7f6fdc044000 ---p 00002000 08:15 28843770                   /usr/lib/x86_64-linux-gnu/libXdamage.so.1.1.0
7f6fdc044000-7f6fdc045000 r--p 00001000 08:15 28843770                   /usr/lib/x86_64-linux-gnu/libXdamage.so.1.1.0
7f6fdc045000-7f6fdc046000 rw-p 00002000 08:15 28843770                   /usr/lib/x86_64-linux-gnu/libXdamage.so.1.1.0
7f6fdc04b000-7f6fdc075000 r-xp 00000000 08:15 28836568                   /usr/lib/x86_64-linux-gnu/libglapi.so.0.0.0
7f6fdc075000-7f6fdc274000 ---p 0002a000 08:15 28836568                   /usr/lib/x86_64-linux-gnu/libglapi.so.0.0.0
7f6fdc274000-7f6fdc278000 r--p 00029000 08:15 28836568                   /usr/lib/x86_64-linux-gnu/libglapi.so.0.0.0
7f6fdc278000-7f6fdc279000 rw-p 0002d000 08:15 28836568                   /usr/lib/x86_64-linux-gnu/libglapi.so.0.0.0
7f6fdc279000-7f6fdc27a000 rw-p 00000000 00:00 0 
7f6fdc27b000-7f6fdc27c000 r-xp 00000000 08:15 28845182                   /usr/lib/x86_64-linux-gnu/libxshmfence.so.1.0.0
7f6fdc27c000-7f6fdc47c000 ---p 00001000 08:15 28845182                   /usr/lib/x86_64-linux-gnu/libxshmfence.so.1.0.0
7f6fdc47c000-7f6fdc47d000 r--p 00001000 08:15 28845182                   /usr/lib/x86_64-linux-gnu/libxshmfence.so.1.0.0
7f6fdc47d000-7f6fdc47e000 rw-p 00002000 08:15 28845182                   /usr/lib/x86_64-linux-gnu/libxshmfence.so.1.0.0
7f6fdc483000-7f6fdc488000 r-xp 00000000 08:15 28845162                   /usr/lib/x86_64-linux-gnu/libxcb-sync.so.1.0.0
7f6fdc488000-7f6fdc688000 ---p 00005000 08:15 28845162                   /usr/lib/x86_64-linux-gnu/libxcb-sync.so.1.0.0
7f6fdc688000-7f6fdc689000 r--p 00005000 08:15 28845162                   /usr/lib/x86_64-linux-gnu/libxcb-sync.so.1.0.0
7f6fdc689000-7f6fdc68a000 rw-p 00006000 08:15 28845162                   /usr/lib/x86_64-linux-gnu/libxcb-sync.so.1.0.0
7f6fdc68b000-7f6fdc68d000 r-xp 00000000 08:15 28845150                   /usr/lib/x86_64-linux-gnu/libxcb-present.so.0.0.0
7f6fdc68d000-7f6fdc88c000 ---p 00002000 08:15 28845150                   /usr/lib/x86_64-linux-gnu/libxcb-present.so.0.0.0
7f6fdc88c000-7f6fdc88d000 r--p 00001000 08:15 28845150                   /usr/lib/x86_64-linux-gnu/libxcb-present.so.0.0.0
7f6fdc88d000-7f6fdc88e000 rw-p 00002000 08:15 28845150                   /usr/lib/x86_64-linux-gnu/libxcb-present.so.0.0.0
7f6fdc893000-7f6fdc895000 r-xp 00000000 08:15 28845140                   /usr/lib/x86_64-linux-gnu/libxcb-dri3.so.0.0.0
7f6fdc895000-7f6fdca94000 ---p 00002000 08:15 28845140                   /usr/lib/x86_64-linux-gnu/libxcb-dri3.so.0.0.0
7f6fdca94000-7f6fdca95000 r--p 00001000 08:15 28845140                   /usr/lib/x86_64-linux-gnu/libxcb-dri3.so.0.0.0
7f6fdca95000-7f6fdca96000 rw-p 00002000 08:15 28845140                   /usr/lib/x86_64-linux-gnu/libxcb-dri3.so.0.0.0
7f6fdca9b000-7f6fdcac1000 r-xp 00000000 08:15 5243080                    /lib/x86_64-linux-gnu/libexpat.so.1.6.0
7f6fdcac1000-7f6fdccc1000 ---p 00026000 08:15 5243080                    /lib/x86_64-linux-gnu/libexpat.so.1.6.0
7f6fdccc1000-7f6fdccc3000 r--p 00026000 08:15 5243080                    /lib/x86_64-linux-gnu/libexpat.so.1.6.0
7f6fdccc3000-7f6fdccc4000 rw-p 00028000 08:15 5243080                    /lib/x86_64-linux-gnu/libexpat.so.1.6.0
7f6fdcccb000-7f6fdcd39000 r-xp 00000000 08:15 29099806                   /usr/lib/x86_64-linux-gnu/mesa/libGL.so.1.2.0
7f6fdcd39000-7f6fdcf38000 ---p 0006e000 08:15 29099806                   /usr/lib/x86_64-linux-gnu/mesa/libGL.so.1.2.0
7f6fdcf38000-7f6fdcf3b000 r--p 0006d000 08:15 29099806                   /usr/lib/x86_64-linux-gnu/mesa/libGL.so.1.2.0
7f6fdcf3b000-7f6fdcf3c000 rw-p 00070000 08:15 29099806                   /usr/lib/x86_64-linux-gnu/mesa/libGL.so.1.2.0
7f6fdcf3c000-7f6fdcf3d000 rw-p 00000000 00:00 0 
7f6fdcf3e000-7f6fdcfb2000 rw-p 00000000 00:00 0 
7f6fdcfff000-7f6fe0000000 rw-p 00000000 00:00 0 
7f6fe0000000-7f6fe03a2000 rw-p 00000000 00:00 0 
7f6fe03a2000-7f6fe4000000 ---p 00000000 00:00 0 
7f6fe4000000-7f6fe406e000 rw-p 00000000 00:00 0 
7f6fe406e000-7f6fe8000000 ---p 00000000 00:00 0 
7f6fe8000000-7f6fe8021000 rw-p 00000000 00:00 0 
7f6fe8021000-7f6fec000000 ---p 00000000 00:00 0 
7f6fec000000-7f6fec021000 rw-p 00000000 00:00 0 
7f6fec021000-7f6ff0000000 ---p 00000000 00:00 0 
7f6ff0000000-7f6ff0024000 rw-p 00000000 00:00 0 
7f6ff0024000-7f6ff4000000 ---p 00000000 00:00 0 
7f6ff4000000-7f6ff4238000 rw-p 00000000 00:00 0 
7f6ff4238000-7f6ff8000000 ---p 00000000 00:00 0 
7f6ff8000000-7f6ff814b000 rw-p 00000000 00:00 0 
7f6ff814b000-7f6ffc000000 ---p 00000000 00:00 0 
7f6ffc000000-7f6ffc021000 rw-p 00000000 00:00 0 
7f6ffc021000-7f7000000000 ---p 00000000 00:00 0 
7f7000000000-7f7000021000 rw-p 00000000 00:00 0 
7f7000021000-7f7004000000 ---p 00000000 00:00 0 
7f7004000000-7f7004021000 rw-p 00000000 00:00 0 
7f7004021000-7f7008000000 ---p 00000000 00:00 0 
7f7008000000-7f7008021000 rw-p 00000000 00:00 0 
7f7008021000-7f700c000000 ---p 00000000 00:00 0 
7f700c000000-7f700c021000 rw-p 00000000 00:00 0 
7f700c021000-7f7010000000 ---p 00000000 00:00 0 
7f7010000000-7f7010021000 rw-p 00000000 00:00 0 
7f7010021000-7f7014000000 ---p 00000000 00:00 0 
7f7014000000-7f7014021000 rw-p 00000000 00:00 0 
7f7014021000-7f7018000000 ---p 00000000 00:00 0 
7f7018000000-7f7018021000 rw-p 00000000 00:00 0 
7f7018021000-7f701c000000 ---p 00000000 00:00 0 
7f701c0f3000-7f701c0f4000 r-xp 00000000 08:15 28843755                   /usr/lib/x86_64-linux-gnu/libX11-xcb.so.1.0.0
7f701c0f4000-7f701c2f3000 ---p 00001000 08:15 28843755                   /usr/lib/x86_64-linux-gnu/libX11-xcb.so.1.0.0
7f701c2f3000-7f701c2f4000 r--p 00000000 08:15 28843755                   /usr/lib/x86_64-linux-gnu/libX11-xcb.so.1.0.0
7f701c2f4000-7f701c2f5000 rw-p 00001000 08:15 28843755                   /usr/lib/x86_64-linux-gnu/libX11-xcb.so.1.0.0
7f701c2fb000-7f701c30a000 r-xp 00000000 08:15 28843782                   /usr/lib/x86_64-linux-gnu/libXi.so.6.1.0
7f701c30a000-7f701c509000 ---p 0000f000 08:15 28843782                   /usr/lib/x86_64-linux-gnu/libXi.so.6.1.0
7f701c509000-7f701c50a000 r--p 0000e000 08:15 28843782                   /usr/lib/x86_64-linux-gnu/libXi.so.6.1.0
7f701c50a000-7f701c50b000 rw-p 0000f000 08:15 28843782                   /usr/lib/x86_64-linux-gnu/libXi.so.6.1.0
7f701c50b000-7f701c510000 r-xp 00000000 08:15 28843810                   /usr/lib/x86_64-linux-gnu/libXxf86vm.so.1.0.0
7f701c510000-7f701c70f000 ---p 00005000 08:15 28843810                   /usr/lib/x86_64-linux-gnu/libXxf86vm.so.1.0.0
7f701c70f000-7f701c710000 r--p 00004000 08:15 28843810                   /usr/lib/x86_64-linux-gnu/libXxf86vm.so.1.0.0
7f701c710000-7f701c711000 rw-p 00005000 08:15 28843810                   /usr/lib/x86_64-linux-gnu/libXxf86vm.so.1.0.0
7f701c713000-7f701c718000 r-xp 00000000 08:15 28843772                   /usr/lib/x86_64-linux-gnu/libXdmcp.so.6.0.0
7f701c718000-7f701c917000 ---p 00005000 08:15 28843772                   /usr/lib/x86_64-linux-gnu/libXdmcp.so.6.0.0
7f701c917000-7f701c918000 r--p 00004000 08:15 28843772                   /usr/lib/x86_64-linux-gnu/libXdmcp.so.6.0.0
7f701c918000-7f701c919000 rw-p 00005000 08:15 28843772                   /usr/lib/x86_64-linux-gnu/libXdmcp.so.6.0.0
7f701c91b000-7f701c91d000 r-xp 00000000 08:15 28843761                   /usr/lib/x86_64-linux-gnu/libXau.so.6.0.0
7f701c91d000-7f701cb1d000 ---p 00002000 08:15 28843761                   /usr/lib/x86_64-linux-gnu/libXau.so.6.0.0
7f701cb1d000-7f701cb1e000 r--p 00002000 08:15 28843761                   /usr/lib/x86_64-linux-gnu/libXau.so.6.0.0
7f701cb1e000-7f701cb1f000 rw-p 00003000 08:15 28843761                   /usr/lib/x86_64-linux-gnu/libXau.so.6.0.0
7f701cb23000-7f701cb28000 r-xp 00000000 08:15 28843776                   /usr/lib/x86_64-linux-gnu/libXfixes.so.3.1.0
7f701cb28000-7f701cd27000 ---p 00005000 08:15 28843776                   /usr/lib/x86_64-linux-gnu/libXfixes.so.3.1.0
7f701cd27000-7f701cd28000 r--p 00004000 08:15 28843776                   /usr/lib/x86_64-linux-gnu/libXfixes.so.3.1.0
7f701cd28000-7f701cd29000 rw-p 00005000 08:15 28843776                   /usr/lib/x86_64-linux-gnu/libXfixes.so.3.1.0
7f701cd2b000-7f701cd34000 r-xp 00000000 08:15 28843794                   /usr/lib/x86_64-linux-gnu/libXrender.so.1.3.0
7f701cd34000-7f701cf33000 ---p 00009000 08:15 28843794                   /usr/lib/x86_64-linux-gnu/libXrender.so.1.3.0
7f701cf33000-7f701cf34000 r--p 00008000 08:15 28843794                   /usr/lib/x86_64-linux-gnu/libXrender.so.1.3.0
7f701cf34000-7f701cf35000 rw-p 00009000 08:15 28843794                   /usr/lib/x86_64-linux-gnu/libXrender.so.1.3.0
7f701cf3b000-7f701cf4c000 r-xp 00000000 08:15 28843774                   /usr/lib/x86_64-linux-gnu/libXext.so.6.4.0
7f701cf4c000-7f701d14b000 ---p 00011000 08:15 28843774                   /usr/lib/x86_64-linux-gnu/libXext.so.6.4.0
7f701d14b000-7f701d14c000 r--p 00010000 08:15 28843774                   /usr/lib/x86_64-linux-gnu/libXext.so.6.4.0
7f701d14c000-7f701d14d000 rw-p 00011000 08:15 28843774                   /usr/lib/x86_64-linux-gnu/libXext.so.6.4.0
7f701d153000-7f701d174000 r-xp 00000000 08:15 28845170                   /usr/lib/x86_64-linux-gnu/libxcb.so.1.1.0
7f701d174000-7f701d373000 ---p 00021000 08:15 28845170                   /usr/lib/x86_64-linux-gnu/libxcb.so.1.1.0
7f701d373000-7f701d374000 r--p 00020000 08:15 28845170                   /usr/lib/x86_64-linux-gnu/libxcb.so.1.1.0
7f701d374000-7f701d375000 rw-p 00021000 08:15 28845170                   /usr/lib/x86_64-linux-gnu/libxcb.so.1.1.0
7f701d37b000-7f701d384000 r-xp 00000000 08:15 28840460                   /usr/lib/x86_64-linux-gnu/libXcursor.so.1.0.2
7f701d384000-7f701d583000 ---p 00009000 08:15 28840460                   /usr/lib/x86_64-linux-gnu/libXcursor.so.1.0.2
7f701d583000-7f701d584000 r--p 00008000 08:15 28840460                   /usr/lib/x86_64-linux-gnu/libXcursor.so.1.0.2
7f701d584000-7f701d585000 rw-p 00009000 08:15 28840460                   /usr/lib/x86_64-linux-gnu/libXcursor.so.1.0.2
7f701d58b000-7f701d58d000 r-xp 00000000 08:15 28843784                   /usr/lib/x86_64-linux-gnu/libXinerama.so.1.0.0
7f701d58d000-7f701d78c000 ---p 00002000 08:15 28843784                   /usr/lib/x86_64-linux-gnu/libXinerama.so.1.0.0
7f701d78c000-7f701d78d000 r--p 00001000 08:15 28843784                   /usr/lib/x86_64-linux-gnu/libXinerama.so.1.0.0
7f701d78d000-7f701d78e000 rw-p 00002000 08:15 28843784                   /usr/lib/x86_64-linux-gnu/libXinerama.so.1.0.0
7f701d793000-7f701d79d000 r-xp 00000000 08:15 28843792                   /usr/lib/x86_64-linux-gnu/libXrandr.so.2.2.0
7f701d79d000-7f701d99c000 ---p 0000a000 08:15 28843792                   /usr/lib/x86_64-linux-gnu/libXrandr.so.2.2.0
7f701d99c000-7f701d99d000 r--p 00009000 08:15 28843792                   /usr/lib/x86_64-linux-gnu/libXrandr.so.2.2.0
7f701d99d000-7f701d99e000 rw-p 0000a000 08:15 28843792                   /usr/lib/x86_64-linux-gnu/libXrandr.so.2.2.0
7f701d9a3000-7f701dad8000 r-xp 00000000 08:15 28843757                   /usr/lib/x86_64-linux-gnu/libX11.so.6.3.0
7f701dad8000-7f701dcd8000 ---p 00135000 08:15 28843757                   /usr/lib/x86_64-linux-gnu/libX11.so.6.3.0
7f701dcd8000-7f701dcd9000 r--p 00135000 08:15 28843757                   /usr/lib/x86_64-linux-gnu/libX11.so.6.3.0
7f701dcd9000-7f701dcdd000 rw-p 00136000 08:15 28843757                   /usr/lib/x86_64-linux-gnu/libX11.so.6.3.0
7f701dcee000-7f701dcfe000 rw-s 1034bb000 00:06 331                       /dev/dri/renderD128
7f701dd03000-7f701dd0a000 r--s 00000000 08:15 29108095                   /usr/lib/x86_64-linux-gnu/gconv/gconv-modules.cache
7f701dd0b000-7f701dd2b000 r-xp 00000000 08:15 1841742                    /tmp/lwjglpatrick/3.1.2-build-29/libglfw.so
7f701dd2b000-7f701df2a000 ---p 00020000 08:15 1841742                    /tmp/lwjglpatrick/3.1.2-build-29/libglfw.so
7f701df2a000-7f701df2b000 r--p 0001f000 08:15 1841742                    /tmp/lwjglpatrick/3.1.2-build-29/libglfw.so
7f701df2b000-7f701df2c000 rw-p 00020000 08:15 1841742                    /tmp/lwjglpatrick/3.1.2-build-29/libglfw.so
7f701df2c000-7f701df2d000 rw-p 00000000 00:00 0 
7f701df30000-7f701df34000 r--s 00095000 08:15 2363416                    /home/patrick/Documents/theTrashbin/Java/Libraries/JOML-master/joml-1.9.9.jar
7f701df3b000-7f701df8b000 r-xp 00000000 08:15 1841733                    /tmp/lwjglpatrick/3.1.2-build-29/liblwjgl.so
7f701df8b000-7f701e18a000 ---p 00050000 08:15 1841733                    /tmp/lwjglpatrick/3.1.2-build-29/liblwjgl.so
7f701e18a000-7f701e18b000 r--p 0004f000 08:15 1841733                    /tmp/lwjglpatrick/3.1.2-build-29/liblwjgl.so
7f701e18b000-7f701e18c000 rw-p 00050000 08:15 1841733                    /tmp/lwjglpatrick/3.1.2-build-29/liblwjgl.so
7f701e18d000-7f701e18e000 r--s 00012000 08:15 28063885                   /home/patrick/Documents/theTrashbin/Java/Libraries/lwjgl3 1.2 build 29/lwjgl-natives-linux.jar
7f701e195000-7f701e196000 r--s 0000a000 08:15 28063878                   /home/patrick/Documents/theTrashbin/Java/Libraries/lwjgl3 1.2 build 29/lwjgl-yoga-natives-linux.jar
7f701e19c000-7f701e19d000 r--s 00001000 08:15 28063869                   /home/patrick/Documents/theTrashbin/Java/Libraries/lwjgl3 1.2 build 29/lwjgl-xxhash-natives-linux.jar
7f701e1a3000-7f701e1a4000 r--s 00008000 08:15 28063865                   /home/patrick/Documents/theTrashbin/Java/Libraries/lwjgl3 1.2 build 29/lwjgl-tinyfd-natives-linux.jar
7f701e1a8000-7f701e1a9000 r--s 0000d000 08:15 28063857                   /home/patrick/Documents/theTrashbin/Java/Libraries/lwjgl3 1.2 build 29/lwjgl-tinyexr-natives-linux.jar
7f701e1b0000-7f701e1b1000 r--s 0002d000 08:15 28063856                   /home/patrick/Documents/theTrashbin/Java/Libraries/lwjgl3 1.2 build 29/lwjgl-stb-natives-linux.jar
7f701e1b3000-7f701e1b4000 r--s 00000000 08:15 28063853                   /home/patrick/Documents/theTrashbin/Java/Libraries/lwjgl3 1.2 build 29/lwjgl-sse-natives-linux.jar
7f701e1b8000-7f701e1b9000 r--s 00005000 08:15 28063847                   /home/patrick/Documents/theTrashbin/Java/Libraries/lwjgl3 1.2 build 29/lwjgl-par-natives-linux.jar
7f701e1be000-7f701e1c0000 r--s 0001b000 08:15 28063842                   /home/patrick/Documents/theTrashbin/Java/Libraries/lwjgl3 1.2 build 29/lwjgl-openvr-natives-linux.jar
7f701e1c0000-7f701e1c1000 r--s 00015000 08:15 28063834                   /home/patrick/Documents/theTrashbin/Java/Libraries/lwjgl3 1.2 build 29/lwjgl-opengl-natives-linux.jar
7f701e1c2000-7f701e1c3000 r--s 00007000 08:15 28063838                   /home/patrick/Documents/theTrashbin/Java/Libraries/lwjgl3 1.2 build 29/lwjgl-opengles-natives-linux.jar
7f701e1ca000-7f701e1cb000 r--s 00077000 08:15 28063831                   /home/patrick/Documents/theTrashbin/Java/Libraries/lwjgl3 1.2 build 29/lwjgl-openal-natives-linux.jar
7f701e1cc000-7f701e1cd000 r--s 00021000 08:15 28063823                   /home/patrick/Documents/theTrashbin/Java/Libraries/lwjgl3 1.2 build 29/lwjgl-nuklear-natives-linux.jar
7f701e1d4000-7f701e1d5000 r--s 00001000 08:15 28063818                   /home/patrick/Documents/theTrashbin/Java/Libraries/lwjgl3 1.2 build 29/lwjgl-nfd-natives-linux.jar
7f701e1db000-7f701e1dc000 r--s 00020000 08:15 28063811                   /home/patrick/Documents/theTrashbin/Java/Libraries/lwjgl3 1.2 build 29/lwjgl-nanovg-natives-linux.jar
7f701e1df000-7f701e1e0000 r--s 0000c000 08:15 28063807                   /home/patrick/Documents/theTrashbin/Java/Libraries/lwjgl3 1.2 build 29/lwjgl-lmdb-natives-linux.jar
7f701e1e5000-7f701e1e6000 r--s 0001a000 08:15 28063802                   /home/patrick/Documents/theTrashbin/Java/Libraries/lwjgl3 1.2 build 29/lwjgl-jemalloc-natives-linux.jar
7f701e1e9000-7f701e1ea000 r--s 0000e000 08:15 28063797                   /home/patrick/Documents/theTrashbin/Java/Libraries/lwjgl3 1.2 build 29/lwjgl-glfw-natives-linux.jar
7f701e1f1000-7f701e1f3000 r--s 00046000 08:15 28063787                   /home/patrick/Documents/theTrashbin/Java/Libraries/lwjgl3 1.2 build 29/lwjgl-bgfx-natives-linux.jar
7f701e1f8000-7f701e1f9000 r--s 002ad000 08:15 28063791                   /home/patrick/Documents/theTrashbin/Java/Libraries/lwjgl3 1.2 build 29/lwjgl-assimp-natives-linux.jar
7f701e1fd000-7f701e1ff000 r--s 0000a000 08:15 28063880                   /home/patrick/Documents/theTrashbin/Java/Libraries/lwjgl3 1.2 build 29/lwjgl-yoga.jar
7f701e1ff000-7f701e200000 r--s 00004000 08:15 28063873                   /home/patrick/Documents/theTrashbin/Java/Libraries/lwjgl3 1.2 build 29/lwjgl-xxhash.jar
7f701e206000-7f701e214000 r--s 000f3000 08:15 28063883                   /home/patrick/Documents/theTrashbin/Java/Libraries/lwjgl3 1.2 build 29/lwjgl-vulkan.jar
7f701e214000-7f701e215000 r--s 00001000 08:15 28063864                   /home/patrick/Documents/theTrashbin/Java/Libraries/lwjgl3 1.2 build 29/lwjgl-tinyfd.jar
7f701e21c000-7f701e21d000 r--s 00009000 08:15 28063861                   /home/patrick/Documents/theTrashbin/Java/Libraries/lwjgl3 1.2 build 29/lwjgl-tinyexr.jar
7f701e21e000-7f701e220000 r--s 00013000 08:15 28063859                   /home/patrick/Documents/theTrashbin/Java/Libraries/lwjgl3 1.2 build 29/lwjgl-stb.jar
7f701e223000-7f701e224000 r--s 00000000 08:15 28063855                   /home/patrick/Documents/theTrashbin/Java/Libraries/lwjgl3 1.2 build 29/lwjgl-sse.jar
7f701e224000-7f701e226000 r--s 00001000 08:15 28063850                   /home/patrick/Documents/theTrashbin/Java/Libraries/lwjgl3 1.2 build 29/lwjgl-par.jar
7f701e229000-7f701e22d000 r--s 00046000 08:15 28063845                   /home/patrick/Documents/theTrashbin/Java/Libraries/lwjgl3 1.2 build 29/lwjgl-openvr.jar
7f701e22f000-7f701e235000 r--s 00044000 08:15 28063841                   /home/patrick/Documents/theTrashbin/Java/Libraries/lwjgl3 1.2 build 29/lwjgl-opengles.jar
7f701e237000-7f701e241000 r--s 000ac000 08:15 28063839                   /home/patrick/Documents/theTrashbin/Java/Libraries/lwjgl3 1.2 build 29/lwjgl-opengl.jar
7f701e246000-7f701e249000 r--s 00023000 08:15 28063833                   /home/patrick/Documents/theTrashbin/Java/Libraries/lwjgl3 1.2 build 29/lwjgl-opencl.jar
7f701e24b000-7f701e24e000 r--s 00010000 08:15 28063828                   /home/patrick/Documents/theTrashbin/Java/Libraries/lwjgl3 1.2 build 29/lwjgl-openal.jar
7f701e24f000-7f701e255000 r--s 00054000 08:15 28063826                   /home/patrick/Documents/theTrashbin/Java/Libraries/lwjgl3 1.2 build 29/lwjgl-nuklear.jar
7f701e25c000-7f701e25d000 r--s 00001000 08:15 28063819                   /home/patrick/Documents/theTrashbin/Java/Libraries/lwjgl3 1.2 build 29/lwjgl-nfd.jar
7f701e263000-7f701e265000 r--s 00008000 08:15 28063812                   /home/patrick/Documents/theTrashbin/Java/Libraries/lwjgl3 1.2 build 29/lwjgl-nanovg.jar
7f701e268000-7f701e26a000 r--s 00005000 08:15 28063810                   /home/patrick/Documents/theTrashbin/Java/Libraries/lwjgl3 1.2 build 29/lwjgl-lmdb.jar
7f701e26a000-7f701e26c000 r--s 00007000 08:15 28063805                   /home/patrick/Documents/theTrashbin/Java/Libraries/lwjgl3 1.2 build 29/lwjgl-jemalloc.jar
7f701e270000-7f701e271000 r--s 00005000 08:15 28063801                   /home/patrick/Documents/theTrashbin/Java/Libraries/lwjgl3 1.2 build 29/lwjgl-jawt.jar
7f701e273000-7f701e289000 r-xp 00000000 08:15 28968979                   /usr/lib/jvm/java-8-openjdk-amd64/jre/lib/amd64/libnet.so
7f701e289000-7f701e489000 ---p 00016000 08:15 28968979                   /usr/lib/jvm/java-8-openjdk-amd64/jre/lib/amd64/libnet.so
7f701e489000-7f701e48a000 r--p 00016000 08:15 28968979                   /usr/lib/jvm/java-8-openjdk-amd64/jre/lib/amd64/libnet.so
7f701e48a000-7f701e48b000 rw-p 00017000 08:15 28968979                   /usr/lib/jvm/java-8-openjdk-amd64/jre/lib/amd64/libnet.so
7f701e48b000-7f701e49c000 r-xp 00000000 08:15 28968984                   /usr/lib/jvm/java-8-openjdk-amd64/jre/lib/amd64/libnio.so
7f701e49c000-7f701e69c000 ---p 00011000 08:15 28968984                   /usr/lib/jvm/java-8-openjdk-amd64/jre/lib/amd64/libnio.so
7f701e69c000-7f701e69d000 r--p 00011000 08:15 28968984                   /usr/lib/jvm/java-8-openjdk-amd64/jre/lib/amd64/libnio.so
7f701e69d000-7f701e69e000 rw-p 00012000 08:15 28968984                   /usr/lib/jvm/java-8-openjdk-amd64/jre/lib/amd64/libnio.so
7f701e6a1000-7f701e6b4000 r--s 00346000 08:15 28968997                   /usr/lib/jvm/java-8-openjdk-amd64/jre/lib/resources.jar
7f701e6b8000-7f701e6bb000 r--s 00015000 08:15 28063800                   /home/patrick/Documents/theTrashbin/Java/Libraries/lwjgl3 1.2 build 29/lwjgl-glfw.jar
7f701e6be000-7f701e6c2000 r--s 0001b000 08:15 28063794                   /home/patrick/Documents/theTrashbin/Java/Libraries/lwjgl3 1.2 build 29/lwjgl-egl.jar
7f701e6c2000-7f701e6c5000 r--s 0001f000 08:15 28063788                   /home/patrick/Documents/theTrashbin/Java/Libraries/lwjgl3 1.2 build 29/lwjgl-bgfx.jar
7f701e6c9000-7f701e6ce000 r--s 0003e000 08:15 28063886                   /home/patrick/Documents/theTrashbin/Java/Libraries/lwjgl3 1.2 build 29/lwjgl.jar
7f701e6cf000-7f701e6d2000 ---p 00000000 00:00 0 
7f701e6d2000-7f701e7d0000 rw-p 00000000 00:00 0 
7f701e7d0000-7f701e7d3000 ---p 00000000 00:00 0 
7f701e7d3000-7f701e8d1000 rw-p 00000000 00:00 0 
7f701e8d1000-7f701e8db000 r--s 00116000 08:15 28968926                   /usr/lib/jvm/java-8-openjdk-amd64/jre/lib/ext/localedata.jar
7f701e8e2000-7f701e8e3000 ---p 00000000 00:00 0 
7f701e8e3000-7f701e9e3000 rw-p 00000000 00:00 0 
7f701e9e3000-7f701e9e6000 ---p 00000000 00:00 0 
7f701e9e6000-7f701eae4000 rw-p 00000000 00:00 0 
7f701eae4000-7f701eae7000 ---p 00000000 00:00 0 
7f701eae7000-7f701ebe5000 rw-p 00000000 00:00 0 
7f701ebe5000-7f701ebe8000 ---p 00000000 00:00 0 
7f701ebe8000-7f701ece6000 rw-p 00000000 00:00 0 
7f701ece6000-7f701ece9000 ---p 00000000 00:00 0 
7f701ece9000-7f701ede7000 rw-p 00000000 00:00 0 
7f701ede7000-7f701edea000 ---p 00000000 00:00 0 
7f701edea000-7f701eee8000 rw-p 00000000 00:00 0 
7f701eee8000-7f701eeeb000 ---p 00000000 00:00 0 
7f701eeeb000-7f701efe9000 rw-p 00000000 00:00 0 
7f701efe9000-7f701efec000 ---p 00000000 00:00 0 
7f701efec000-7f701f0ea000 rw-p 00000000 00:00 0 
7f701f0ea000-7f701f0ed000 ---p 00000000 00:00 0 
7f701f0ed000-7f701f1eb000 rw-p 00000000 00:00 0 
7f701f1eb000-7f701f1ef000 r-xp 00000000 08:15 28968975                   /usr/lib/jvm/java-8-openjdk-amd64/jre/lib/amd64/libdt_socket.so
7f701f1ef000-7f701f3ee000 ---p 00004000 08:15 28968975                   /usr/lib/jvm/java-8-openjdk-amd64/jre/lib/amd64/libdt_socket.so
7f701f3ee000-7f701f3ef000 r--p 00003000 08:15 28968975                   /usr/lib/jvm/java-8-openjdk-amd64/jre/lib/amd64/libdt_socket.so
7f701f3ef000-7f701f3f0000 rw-p 00004000 08:15 28968975                   /usr/lib/jvm/java-8-openjdk-amd64/jre/lib/amd64/libdt_socket.so
7f701f3f4000-7f701f3f7000 ---p 00000000 00:00 0 
7f701f3f7000-7f701f4f5000 rw-p 00000000 00:00 0 
7f701f4f5000-7f701f4f8000 ---p 00000000 00:00 0 
7f701f4f8000-7f701f5f6000 rw-p 00000000 00:00 0 
7f701f5f6000-7f701f5f9000 ---p 00000000 00:00 0 
7f701f5f9000-7f701f6f7000 rw-p 00000000 00:00 0 
7f701f6f7000-7f701f6f8000 ---p 00000000 00:00 0 
7f701f6f8000-7f7020000000 rw-p 00000000 00:00 0 
7f7020000000-7f7020021000 rw-p 00000000 00:00 0 
7f7020021000-7f7024000000 ---p 00000000 00:00 0 
7f7024000000-7f7024021000 rw-p 00000000 00:00 0 
7f7024021000-7f7028000000 ---p 00000000 00:00 0 
7f7028002000-7f7028006000 r--s 0002f000 08:15 28063456                   /home/patrick/Documents/theTrashbin/Java/Libraries/commons-io-2.5/commons-io-2.5.jar
7f702800d000-7f702800e000 r--s 0000a000 08:15 28968932                   /usr/lib/jvm/java-8-openjdk-amd64/jre/lib/ext/jaccess.jar
7f702800e000-7f702c000000 rw-p 00000000 00:00 0 
7f702c000000-7f702c021000 rw-p 00000000 00:00 0 
7f702c021000-7f7030000000 ---p 00000000 00:00 0 
7f7030000000-7f7030021000 rw-p 00000000 00:00 0 
7f7030021000-7f7034000000 ---p 00000000 00:00 0 
7f7034000000-7f7034021000 rw-p 00000000 00:00 0 
7f7034021000-7f7038000000 ---p 00000000 00:00 0 
7f7038000000-7f7038021000 rw-p 00000000 00:00 0 
7f7038021000-7f703c000000 ---p 00000000 00:00 0 
7f703c000000-7f703c021000 rw-p 00000000 00:00 0 
7f703c021000-7f7040000000 ---p 00000000 00:00 0 
7f7040000000-7f7040021000 rw-p 00000000 00:00 0 
7f7040021000-7f7044000000 ---p 00000000 00:00 0 
7f7044003000-7f7044005000 r--s 00008000 08:15 28968933                   /usr/lib/jvm/java-8-openjdk-amd64/jre/lib/ext/sunec.jar
7f704400a000-7f704400d000 r--s 0000f000 08:15 28968928                   /usr/lib/jvm/java-8-openjdk-amd64/jre/lib/ext/icedtea-sound.jar
7f704400f000-7f704402a000 r--s 00394000 08:15 28968935                   /usr/lib/jvm/java-8-openjdk-amd64/jre/lib/ext/cldrdata.jar
7f7044031000-7f704404c000 r--s 001d6000 08:15 28968937                   /usr/lib/jvm/java-8-openjdk-amd64/jre/lib/ext/nashorn.jar
7f704404c000-7f7045000000 rw-p 00000000 00:00 0 
7f7045000000-7f7045270000 rwxp 00000000 00:00 0 
7f7045270000-7f7054000000 ---p 00000000 00:00 0 
7f7054000000-7f7054184000 rw-p 00000000 00:00 0 
7f7054184000-7f7058000000 ---p 00000000 00:00 0 
7f7058003000-7f7058006000 r--s 00038000 08:15 28968922                   /usr/lib/jvm/java-8-openjdk-amd64/jre/lib/ext/sunpkcs11.jar
7f705800b000-7f705800c000 r--s 00010000 08:15 28968936                   /usr/lib/jvm/java-8-openjdk-amd64/jre/lib/ext/zipfs.jar
7f705800c000-7f705800e000 r--s 00001000 08:15 28968934                   /usr/lib/jvm/java-8-openjdk-amd64/jre/lib/ext/dnsns.jar
7f705800e000-7f7058013000 r--s 0003b000 08:15 28968930                   /usr/lib/jvm/java-8-openjdk-amd64/jre/lib/ext/sunjce_provider.jar
7f7058015000-7f70582a7000 rw-p 00000000 00:00 0 
7f70582a7000-7f7058475000 r--s 03c2c000 08:15 28968953                   /usr/lib/jvm/java-8-openjdk-amd64/jre/lib/rt.jar
7f7058479000-7f70589ef000 rw-p 00000000 00:00 0 
7f70589ef000-7f7058cef000 ---p 00000000 00:00 0 
7f7058cef000-7f70590ce000 rw-p 00000000 00:00 0 
7f70590ce000-7f70590cf000 ---p 00000000 00:00 0 
7f70590cf000-7f70591cf000 rw-p 00000000 00:00 0 
7f70591cf000-7f70591d0000 ---p 00000000 00:00 0 
7f70591d0000-7f70592d0000 rw-p 00000000 00:00 0 
7f70592d0000-7f70592d1000 ---p 00000000 00:00 0 
7f70592d1000-7f70593d1000 rw-p 00000000 00:00 0 
7f70593d1000-7f70593d2000 ---p 00000000 00:00 0 
7f70593d2000-7f70594d2000 rw-p 00000000 00:00 0 
7f70594d2000-7f70594d3000 ---p 00000000 00:00 0 
7f70594d3000-7f70595d3000 rw-p 00000000 00:00 0 
7f70595d3000-7f70595d4000 ---p 00000000 00:00 0 
7f70595d4000-7f70596d4000 rw-p 00000000 00:00 0 
7f70596d4000-7f70596d5000 ---p 00000000 00:00 0 
7f70596d5000-7f70597d5000 rw-p 00000000 00:00 0 
7f70597d5000-7f70597d6000 ---p 00000000 00:00 0 
7f70597d6000-7f7059900000 rw-p 00000000 00:00 0 
7f7059900000-7f7059b6b000 ---p 00000000 00:00 0 
7f7059b6b000-7f7059b95000 rw-p 00000000 00:00 0 
7f7059b95000-7f7059dff000 ---p 00000000 00:00 0 
7f7059dff000-7f7059e15000 rw-p 00000000 00:00 0 
7f7059e15000-7f7059f4a000 ---p 00000000 00:00 0 
7f7059f4a000-7f7059f55000 rw-p 00000000 00:00 0 
7f7059f55000-7f705a30b000 ---p 00000000 00:00 0 
7f705a30b000-7f705a313000 r-xp 00000000 08:15 28968966                   /usr/lib/jvm/java-8-openjdk-amd64/jre/lib/amd64/libzip.so
7f705a313000-7f705a512000 ---p 00008000 08:15 28968966                   /usr/lib/jvm/java-8-openjdk-amd64/jre/lib/amd64/libzip.so
7f705a512000-7f705a513000 r--p 00007000 08:15 28968966                   /usr/lib/jvm/java-8-openjdk-amd64/jre/lib/amd64/libzip.so
7f705a513000-7f705a514000 rw-p 00008000 08:15 28968966                   /usr/lib/jvm/java-8-openjdk-amd64/jre/lib/amd64/libzip.so
7f705a51b000-7f705a526000 r-xp 00000000 08:15 5249251                    /lib/x86_64-linux-gnu/libnss_files-2.23.so
7f705a526000-7f705a725000 ---p 0000b000 08:15 5249251                    /lib/x86_64-linux-gnu/libnss_files-2.23.so
7f705a725000-7f705a726000 r--p 0000a000 08:15 5249251                    /lib/x86_64-linux-gnu/libnss_files-2.23.so
7f705a726000-7f705a727000 rw-p 0000b000 08:15 5249251                    /lib/x86_64-linux-gnu/libnss_files-2.23.so
7f705a727000-7f705a72d000 rw-p 00000000 00:00 0 
7f705a733000-7f705a73e000 r-xp 00000000 08:15 5249255                    /lib/x86_64-linux-gnu/libnss_nis-2.23.so
7f705a73e000-7f705a93d000 ---p 0000b000 08:15 5249255                    /lib/x86_64-linux-gnu/libnss_nis-2.23.so
7f705a93d000-7f705a93e000 r--p 0000a000 08:15 5249255                    /lib/x86_64-linux-gnu/libnss_nis-2.23.so
7f705a93e000-7f705a93f000 rw-p 0000b000 08:15 5249255                    /lib/x86_64-linux-gnu/libnss_nis-2.23.so
7f705a943000-7f705a959000 r-xp 00000000 08:15 5249235                    /lib/x86_64-linux-gnu/libnsl-2.23.so
7f705a959000-7f705ab58000 ---p 00016000 08:15 5249235                    /lib/x86_64-linux-gnu/libnsl-2.23.so
7f705ab58000-7f705ab59000 r--p 00015000 08:15 5249235                    /lib/x86_64-linux-gnu/libnsl-2.23.so
7f705ab59000-7f705ab5a000 rw-p 00016000 08:15 5249235                    /lib/x86_64-linux-gnu/libnsl-2.23.so
7f705ab5a000-7f705ab5c000 rw-p 00000000 00:00 0 
7f705ab63000-7f705ab6b000 r-xp 00000000 08:15 5249246                    /lib/x86_64-linux-gnu/libnss_compat-2.23.so
7f705ab6b000-7f705ad6a000 ---p 00008000 08:15 5249246                    /lib/x86_64-linux-gnu/libnss_compat-2.23.so
7f705ad6a000-7f705ad6b000 r--p 00007000 08:15 5249246                    /lib/x86_64-linux-gnu/libnss_compat-2.23.so
7f705ad6b000-7f705ad6c000 rw-p 00008000 08:15 5249246                    /lib/x86_64-linux-gnu/libnss_compat-2.23.so
7f705ad73000-7f705b04b000 r--p 00000000 08:15 28837332                   /usr/lib/locale/locale-archive
7f705b04b000-7f705b04d000 r-xp 00000000 08:15 28968973                   /usr/lib/jvm/java-8-openjdk-amd64/jre/lib/amd64/libnpt.so
7f705b04d000-7f705b24d000 ---p 00002000 08:15 28968973                   /usr/lib/jvm/java-8-openjdk-amd64/jre/lib/amd64/libnpt.so
7f705b24d000-7f705b24e000 r--p 00002000 08:15 28968973                   /usr/lib/jvm/java-8-openjdk-amd64/jre/lib/amd64/libnpt.so
7f705b24e000-7f705b24f000 rw-p 00003000 08:15 28968973                   /usr/lib/jvm/java-8-openjdk-amd64/jre/lib/amd64/libnpt.so
7f705b253000-7f705b28e000 r-xp 00000000 08:15 28968981                   /usr/lib/jvm/java-8-openjdk-amd64/jre/lib/amd64/libjdwp.so
7f705b28e000-7f705b48e000 ---p 0003b000 08:15 28968981                   /usr/lib/jvm/java-8-openjdk-amd64/jre/lib/amd64/libjdwp.so
7f705b48e000-7f705b48f000 r--p 0003b000 08:15 28968981                   /usr/lib/jvm/java-8-openjdk-amd64/jre/lib/amd64/libjdwp.so
7f705b48f000-7f705b490000 rw-p 0003c000 08:15 28968981                   /usr/lib/jvm/java-8-openjdk-amd64/jre/lib/amd64/libjdwp.so
7f705b493000-7f705b4c0000 r-xp 00000000 08:15 28968969                   /usr/lib/jvm/java-8-openjdk-amd64/jre/lib/amd64/libjava.so
7f705b4c0000-7f705b6bf000 ---p 0002d000 08:15 28968969                   /usr/lib/jvm/java-8-openjdk-amd64/jre/lib/amd64/libjava.so
7f705b6bf000-7f705b6c0000 r--p 0002c000 08:15 28968969                   /usr/lib/jvm/java-8-openjdk-amd64/jre/lib/amd64/libjava.so
7f705b6c0000-7f705b6c2000 rw-p 0002d000 08:15 28968969                   /usr/lib/jvm/java-8-openjdk-amd64/jre/lib/amd64/libjava.so
7f705b6c3000-7f705b6d2000 r-xp 00000000 08:15 28968978                   /usr/lib/jvm/java-8-openjdk-amd64/jre/lib/amd64/libverify.so
7f705b6d2000-7f705b8d1000 ---p 0000f000 08:15 28968978                   /usr/lib/jvm/java-8-openjdk-amd64/jre/lib/amd64/libverify.so
7f705b8d1000-7f705b8d3000 r--p 0000e000 08:15 28968978                   /usr/lib/jvm/java-8-openjdk-amd64/jre/lib/amd64/libverify.so
7f705b8d3000-7f705b8d4000 rw-p 00010000 08:15 28968978                   /usr/lib/jvm/java-8-openjdk-amd64/jre/lib/amd64/libverify.so
7f705b8db000-7f705b8e2000 r-xp 00000000 08:15 5249256                    /lib/x86_64-linux-gnu/librt-2.23.so
7f705b8e2000-7f705bae1000 ---p 00007000 08:15 5249256                    /lib/x86_64-linux-gnu/librt-2.23.so
7f705bae1000-7f705bae2000 r--p 00006000 08:15 5249256                    /lib/x86_64-linux-gnu/librt-2.23.so
7f705bae2000-7f705bae3000 rw-p 00007000 08:15 5249256                    /lib/x86_64-linux-gnu/librt-2.23.so
7f705bae3000-7f705baf9000 r-xp 00000000 08:15 5247425                    /lib/x86_64-linux-gnu/libgcc_s.so.1
7f705baf9000-7f705bcf8000 ---p 00016000 08:15 5247425                    /lib/x86_64-linux-gnu/libgcc_s.so.1
7f705bcf8000-7f705bcf9000 rw-p 00015000 08:15 5247425                    /lib/x86_64-linux-gnu/libgcc_s.so.1
7f705bcfb000-7f705be03000 r-xp 00000000 08:15 5247477                    /lib/x86_64-linux-gnu/libm-2.23.so
7f705be03000-7f705c002000 ---p 00108000 08:15 5247477                    /lib/x86_64-linux-gnu/libm-2.23.so
7f705c002000-7f705c003000 r--p 00107000 08:15 5247477                    /lib/x86_64-linux-gnu/libm-2.23.so
7f705c003000-7f705c004000 rw-p 00108000 08:15 5247477                    /lib/x86_64-linux-gnu/libm-2.23.so
7f705c00b000-7f705c17d000 r-xp 00000000 08:15 28837891                   /usr/lib/x86_64-linux-gnu/libstdc++.so.6.0.21
7f705c17d000-7f705c37d000 ---p 00172000 08:15 28837891                   /usr/lib/x86_64-linux-gnu/libstdc++.so.6.0.21
7f705c37d000-7f705c387000 r--p 00172000 08:15 28837891                   /usr/lib/x86_64-linux-gnu/libstdc++.so.6.0.21
7f705c387000-7f705c389000 rw-p 0017c000 08:15 28837891                   /usr/lib/x86_64-linux-gnu/libstdc++.so.6.0.21
7f705c389000-7f705c38d000 rw-p 00000000 00:00 0 
7f705c393000-7f705cfeb000 r-xp 00000000 08:15 28968964                   /usr/lib/jvm/java-8-openjdk-amd64/jre/lib/amd64/server/libjvm.so
7f705cfeb000-7f705d1eb000 ---p 00c58000 08:15 28968964                   /usr/lib/jvm/java-8-openjdk-amd64/jre/lib/amd64/server/libjvm.so
7f705d1eb000-7f705d27e000 r--p 00c58000 08:15 28968964                   /usr/lib/jvm/java-8-openjdk-amd64/jre/lib/amd64/server/libjvm.so
7f705d27e000-7f705d2a7000 rw-p 00ceb000 08:15 28968964                   /usr/lib/jvm/java-8-openjdk-amd64/jre/lib/amd64/server/libjvm.so
7f705d2a7000-7f705d2d7000 rw-p 00000000 00:00 0 
7f705d2db000-7f705d2f3000 r-xp 00000000 08:15 5249237                    /lib/x86_64-linux-gnu/libpthread-2.23.so
7f705d2f3000-7f705d4f2000 ---p 00018000 08:15 5249237                    /lib/x86_64-linux-gnu/libpthread-2.23.so
7f705d4f2000-7f705d4f3000 r--p 00017000 08:15 5249237                    /lib/x86_64-linux-gnu/libpthread-2.23.so
7f705d4f3000-7f705d4f4000 rw-p 00018000 08:15 5249237                    /lib/x86_64-linux-gnu/libpthread-2.23.so
7f705d4f4000-7f705d4f8000 rw-p 00000000 00:00 0 
7f705d4fb000-7f705d4fe000 r-xp 00000000 08:15 5249240                    /lib/x86_64-linux-gnu/libdl-2.23.so
7f705d4fe000-7f705d6fd000 ---p 00003000 08:15 5249240                    /lib/x86_64-linux-gnu/libdl-2.23.so
7f705d6fd000-7f705d6fe000 r--p 00002000 08:15 5249240                    /lib/x86_64-linux-gnu/libdl-2.23.so
7f705d6fe000-7f705d6ff000 rw-p 00003000 08:15 5249240                    /lib/x86_64-linux-gnu/libdl-2.23.so
7f705d703000-7f705d71c000 r-xp 00000000 08:15 5242968                    /lib/x86_64-linux-gnu/libz.so.1.2.8
7f705d71c000-7f705d91b000 ---p 00019000 08:15 5242968                    /lib/x86_64-linux-gnu/libz.so.1.2.8
7f705d91b000-7f705d91c000 r--p 00018000 08:15 5242968                    /lib/x86_64-linux-gnu/libz.so.1.2.8
7f705d91c000-7f705d91d000 rw-p 00019000 08:15 5242968                    /lib/x86_64-linux-gnu/libz.so.1.2.8
7f705d923000-7f705dae3000 r-xp 00000000 08:15 5249238                    /lib/x86_64-linux-gnu/libc-2.23.so
7f705dae3000-7f705dce3000 ---p 001c0000 08:15 5249238                    /lib/x86_64-linux-gnu/libc-2.23.so
7f705dce3000-7f705dce7000 r--p 001c0000 08:15 5249238                    /lib/x86_64-linux-gnu/libc-2.23.so
7f705dce7000-7f705dce9000 rw-p 001c4000 08:15 5249238                    /lib/x86_64-linux-gnu/libc-2.23.so
7f705dce9000-7f705dced000 rw-p 00000000 00:00 0 
7f705dcf3000-7f705dd00000 r-xp 00000000 08:15 28968974                   /usr/lib/jvm/java-8-openjdk-amd64/jre/lib/amd64/jli/libjli.so
7f705dd00000-7f705df00000 ---p 0000d000 08:15 28968974                   /usr/lib/jvm/java-8-openjdk-amd64/jre/lib/amd64/jli/libjli.so
7f705df00000-7f705df01000 r--p 0000d000 08:15 28968974                   /usr/lib/jvm/java-8-openjdk-amd64/jre/lib/amd64/jli/libjli.so
7f705df01000-7f705df02000 rw-p 0000e000 08:15 28968974                   /usr/lib/jvm/java-8-openjdk-amd64/jre/lib/amd64/jli/libjli.so
7f705df03000-7f705df29000 r-xp 00000000 08:15 5249236                    /lib/x86_64-linux-gnu/ld-2.23.so
7f705df2f000-7f705e01b000 rw-p 00000000 00:00 0 
7f705e01b000-7f705e023000 rw-s 00000000 08:15 1968189                    /tmp/hsperfdata_patrick/4655
7f705e026000-7f705e027000 rw-p 00000000 00:00 0 
7f705e027000-7f705e02a000 ---p 00000000 00:00 0 
7f705e02a000-7f705e128000 rw-p 00000000 00:00 0 
7f705e128000-7f705e129000 r--p 00025000 08:15 5249236                    /lib/x86_64-linux-gnu/ld-2.23.so
7f705e129000-7f705e12a000 rw-p 00026000 08:15 5249236                    /lib/x86_64-linux-gnu/ld-2.23.so
7f705e12a000-7f705e12b000 rw-p 00000000 00:00 0 
7f705e12b000-7f705e12c000 r--p 00000000 00:00 0 
7f705e12c000-7f705e131000 rw-p 00000000 00:00 0 
7fff623ef000-7fff62411000 rw-p 00000000 00:00 0                          [stack]
7fff62433000-7fff62436000 r--p 00000000 00:00 0                          [vvar]
7fff62436000-7fff62438000 r-xp 00000000 00:00 0                          [vdso]
ffffffffff600000-ffffffffff601000 r-xp 00000000 00:00 0                  [vsyscall]

VM Arguments:
jvm_args: -agentlib:jdwp=transport=dt_socket,suspend=y,address=localhost:36331 -Djava.library.path=/home/patrick/Documents/theTrashbin/Java/Libraries/lwjgl3 1.2 build 29 -Dfile.encoding=UTF-8 
java_command: engine.Bootcraft
java_class_path (initial): /home/patrick/workspace/BootCraft/bin:/home/patrick/Documents/theTrashbin/Java/Libraries/commons-io-2.5/commons-io-2.5.jar:/home/patrick/Documents/theTrashbin/Java/Libraries/lwjgl3 1.2 build 29/lwjgl.jar:/home/patrick/Documents/theTrashbin/Java/Libraries/lwjgl3 1.2 build 29/lwjgl-bgfx.jar:/home/patrick/Documents/theTrashbin/Java/Libraries/lwjgl3 1.2 build 29/lwjgl-egl.jar:/home/patrick/Documents/theTrashbin/Java/Libraries/lwjgl3 1.2 build 29/lwjgl-glfw.jar:/home/patrick/Documents/theTrashbin/Java/Libraries/lwjgl3 1.2 build 29/lwjgl-jawt.jar:/home/patrick/Documents/theTrashbin/Java/Libraries/lwjgl3 1.2 build 29/lwjgl-jemalloc.jar:/home/patrick/Documents/theTrashbin/Java/Libraries/lwjgl3 1.2 build 29/lwjgl-lmdb.jar:/home/patrick/Documents/theTrashbin/Java/Libraries/lwjgl3 1.2 build 29/lwjgl-nanovg.jar:/home/patrick/Documents/theTrashbin/Java/Libraries/lwjgl3 1.2 build 29/lwjgl-nfd.jar:/home/patrick/Documents/theTrashbin/Java/Libraries/lwjgl3 1.2 build 29/lwjgl-nuklear.jar:/home/patrick/Documents/theTrashbin/Java/Libraries/lwjgl3 1.2 build 29/lwjgl-openal.jar:/home/patrick/Documents/theTrashbin/Java/Libraries/lwjgl3 1.2 build 29/lwjgl-opencl.jar:/home/patrick/Documents/theTrashbin/Java/Libraries/lwjgl3 1.2 build 29/lwjgl-opengl.jar:/home/patrick/Documents/theTrashbin/Java/Libraries/lwjgl3 1.2 build 29/lwjgl-opengles.jar:/home/patrick/Documents/theTrashbin/Java/Libraries/lwjgl3 1.2 build 29/lwjgl-openvr.jar:/home/patrick/Documents/theTrashbin/Java/Libraries/lwjgl3 1.2 build 29/lwjgl-par.jar:/home/patrick/Documents/theTrashbin/Java/Libraries/lwjgl3 1.2 build 29/lwjgl-sse.jar:/home/patrick/Documents/theTrashbin/Java/Libraries/lwjgl3 1.2 build 29/lwjgl-stb.jar:/home/patrick/Documents/theTrashbin/Java/Libraries/lwjgl3 1.2 build 29/lwjgl-tinyexr.jar:/home/patrick/Documents/theTrashbin/Java/Libraries/lwjgl3 1.2 build 29/lwjgl-tinyfd.jar:/home/patrick/Documents/theTrashbin/Java/Libraries/lwjgl3 1.2 build 29/lwjgl-vulkan.jar:/home/patrick/Documents/
Launcher Type: SUN_STANDARD

Environment Variables:
PATH=/home/patrick/bin:/home/patrick/.local/bin:/usr/local/sbin:/usr/local/bin:/usr/sbin:/usr/bin:/sbin:/bin:/usr/games:/usr/local/games:/snap/bin
USERNAME=patrick
SHELL=/bin/bash
DISPLAY=:0

Signal Handlers:
SIGSEGV: [libjvm.so+0xa6dcc0], sa_mask[0]=11111111011111111101111111111110, sa_flags=SA_RESTART|SA_SIGINFO
SIGBUS: [libjvm.so+0xa6dcc0], sa_mask[0]=11111111011111111101111111111110, sa_flags=SA_RESTART|SA_SIGINFO
SIGFPE: [libjvm.so+0x8b5350], sa_mask[0]=11111111011111111101111111111110, sa_flags=SA_RESTART|SA_SIGINFO
SIGPIPE: [libjvm.so+0x8b5350], sa_mask[0]=11111111011111111101111111111110, sa_flags=SA_RESTART|SA_SIGINFO
SIGXFSZ: [libjvm.so+0x8b5350], sa_mask[0]=11111111011111111101111111111110, sa_flags=SA_RESTART|SA_SIGINFO
SIGILL: [libjvm.so+0x8b5350], sa_mask[0]=11111111011111111101111111111110, sa_flags=SA_RESTART|SA_SIGINFO
SIGUSR1: SIG_DFL, sa_mask[0]=00000000000000000000000000000000, sa_flags=none
SIGUSR2: [libjvm.so+0x8b5200], sa_mask[0]=00100000000000000000000000000000, sa_flags=SA_RESTART|SA_SIGINFO
SIGHUP: [libjvm.so+0x8b56d0], sa_mask[0]=11111111011111111101111111111110, sa_flags=SA_RESTART|SA_SIGINFO
SIGINT: [libjvm.so+0x8b56d0], sa_mask[0]=11111111011111111101111111111110, sa_flags=SA_RESTART|SA_SIGINFO
SIGTERM: [libjvm.so+0x8b56d0], sa_mask[0]=11111111011111111101111111111110, sa_flags=SA_RESTART|SA_SIGINFO
SIGQUIT: [libjvm.so+0x8b56d0], sa_mask[0]=11111111011111111101111111111110, sa_flags=SA_RESTART|SA_SIGINFO


---------------  S Y S T E M  ---------------

OS:DISTRIB_ID=Ubuntu
DISTRIB_RELEASE=16.04
DISTRIB_CODENAME=xenial
DISTRIB_DESCRIPTION="Ubuntu 16.04.3 LTS"

uname:Linux 4.13.0-38-generic #43~16.04.1-Ubuntu SMP Wed Mar 14 17:48:43 UTC 2018 x86_64
libc:glibc 2.23 NPTL 2.23 
rlimit: STACK 8192k, CORE 0k, NPROC 31244, NOFILE 1048576, AS infinity
load average:0.67 0.75 0.78

/proc/meminfo:
MemTotal:        8117168 kB
MemFree:         4205880 kB
MemAvailable:    5312212 kB
Buffers:          126952 kB
Cached:          1256336 kB
SwapCached:            0 kB
Active:          2769080 kB
Inactive:         728432 kB
Active(anon):    2115540 kB
Inactive(anon):    97244 kB
Active(file):     653540 kB
Inactive(file):   631188 kB
Unevictable:          32 kB
Mlocked:              32 kB
SwapTotal:      15999996 kB
SwapFree:       15999996 kB
Dirty:               140 kB
Writeback:             0 kB
AnonPages:       2114472 kB
Mapped:           446040 kB
Shmem:             98564 kB
Slab:             130480 kB
SReclaimable:      84040 kB
SUnreclaim:        46440 kB
KernelStack:       13120 kB
PageTables:        36604 kB
NFS_Unstable:          0 kB
Bounce:                0 kB
WritebackTmp:          0 kB
CommitLimit:    20058580 kB
Committed_AS:    6770956 kB
VmallocTotal:   34359738367 kB
VmallocUsed:           0 kB
VmallocChunk:          0 kB
HardwareCorrupted:     0 kB
AnonHugePages:         0 kB
ShmemHugePages:        0 kB
ShmemPmdMapped:        0 kB
CmaTotal:              0 kB
CmaFree:               0 kB
HugePages_Total:       0
HugePages_Free:        0
HugePages_Rsvd:        0
HugePages_Surp:        0
Hugepagesize:       2048 kB
DirectMap4k:      319368 kB
DirectMap2M:     6969344 kB
DirectMap1G:     1048576 kB


CPU:total 8 (initial active 8) (8 cores per cpu, 1 threads per core) family 21 model 2 stepping 0, cmov, cx8, fxsr, mmx, sse, sse2, sse3, ssse3, sse4.1, sse4.2, popcnt, avx, aes, clmul, mmxext, 3dnowpref, lzcnt, sse4a, tsc, tscinvbit, tscinv, bmi1

/proc/cpuinfo:
processor	: 0
vendor_id	: AuthenticAMD
cpu family	: 21
model		: 2
model name	: AMD FX(tm)-8320 Eight-Core Processor
stepping	: 0
microcode	: 0x600084f
cpu MHz		: 2841.521
cache size	: 2048 KB
physical id	: 0
siblings	: 8
core id		: 0
cpu cores	: 4
apicid		: 16
initial apicid	: 0
fpu		: yes
fpu_exception	: yes
cpuid level	: 13
wp		: yes
flags		: fpu vme de pse tsc msr pae mce cx8 apic sep mtrr pge mca cmov pat pse36 clflush mmx fxsr sse sse2 ht syscall nx mmxext fxsr_opt pdpe1gb rdtscp lm constant_tsc rep_good nopl nonstop_tsc cpuid extd_apicid aperfmperf pni pclmulqdq monitor ssse3 fma cx16 sse4_1 sse4_2 popcnt aes xsave avx f16c lahf_lm cmp_legacy svm extapic cr8_legacy abm sse4a misalignsse 3dnowprefetch osvw ibs xop skinit wdt lwp fma4 tce nodeid_msr tbm topoext perfctr_core perfctr_nb cpb hw_pstate retpoline retpoline_amd rsb_ctxsw vmmcall bmi1 arat npt lbrv svm_lock nrip_save tsc_scale vmcb_clean flushbyasid decodeassists pausefilter pfthreshold
bugs		: fxsave_leak sysret_ss_attrs null_seg spectre_v1 spectre_v2
bogomips	: 7000.51
TLB size	: 1536 4K pages
clflush size	: 64
cache_alignment	: 64
address sizes	: 48 bits physical, 48 bits virtual
power management: ts ttp tm 100mhzsteps hwpstate cpb eff_freq_ro

processor	: 1
vendor_id	: AuthenticAMD
cpu family	: 21
model		: 2
model name	: AMD FX(tm)-8320 Eight-Core Processor
stepping	: 0
microcode	: 0x600084f
cpu MHz		: 2632.572
cache size	: 2048 KB
physical id	: 0
siblings	: 8
core id		: 1
cpu cores	: 4
apicid		: 17
initial apicid	: 1
fpu		: yes
fpu_exception	: yes
cpuid level	: 13
wp		: yes
flags		: fpu vme de pse tsc msr pae mce cx8 apic sep mtrr pge mca cmov pat pse36 clflush mmx fxsr sse sse2 ht syscall nx mmxext fxsr_opt pdpe1gb rdtscp lm constant_tsc rep_good nopl nonstop_tsc cpuid extd_apicid aperfmperf pni pclmulqdq monitor ssse3 fma cx16 sse4_1 sse4_2 popcnt aes xsave avx f16c lahf_lm cmp_legacy svm extapic cr8_legacy abm sse4a misalignsse 3dnowprefetch osvw ibs xop skinit wdt lwp fma4 tce nodeid_msr tbm topoext perfctr_core perfctr_nb cpb hw_pstate retpoline retpoline_amd rsb_ctxsw vmmcall bmi1 arat npt lbrv svm_lock nrip_save tsc_scale vmcb_clean flushbyasid decodeassists pausefilter pfthreshold
bugs		: fxsave_leak sysret_ss_attrs null_seg spectre_v1 spectre_v2
bogomips	: 7000.51
TLB size	: 1536 4K pages
clflush size	: 64
cache_alignment	: 64
address sizes	: 48 bits physical, 48 bits virtual
power management: ts ttp tm 100mhzsteps hwpstate cpb eff_freq_ro

processor	: 2
vendor_id	: AuthenticAMD
cpu family	: 21
model		: 2
model name	: AMD FX(tm)-8320 Eight-Core Processor
stepping	: 0
microcode	: 0x600084f
cpu MHz		: 2783.968
cache size	: 2048 KB
physical id	: 0
siblings	: 8
core id		: 2
cpu cores	: 4
apicid		: 18
initial apicid	: 2
fpu		: yes
fpu_exception	: yes
cpuid level	: 13
wp		: yes
flags		: fpu vme de pse tsc msr pae mce cx8 apic sep mtrr pge mca cmov pat pse36 clflush mmx fxsr sse sse2 ht syscall nx mmxext fxsr_opt pdpe1gb rdtscp lm constant_tsc rep_good nopl nonstop_tsc cpuid extd_apicid aperfmperf pni pclmulqdq monitor ssse3 fma cx16 sse4_1 sse4_2 popcnt aes xsave avx f16c lahf_lm cmp_legacy svm extapic cr8_legacy abm sse4a misalignsse 3dnowprefetch osvw ibs xop skinit wdt lwp fma4 tce nodeid_msr tbm topoext perfctr_core perfctr_nb cpb hw_pstate retpoline retpoline_amd rsb_ctxsw vmmcall bmi1 arat npt lbrv svm_lock nrip_save tsc_scale vmcb_clean flushbyasid decodeassists pausefilter pfthreshold
bugs		: fxsave_leak sysret_ss_attrs null_seg spectre_v1 spectre_v2
bogomips	: 7000.51
TLB size	: 1536 4K pages
clflush size	: 64
cache_alignment	: 64
address sizes	: 48 bits physical, 48 bits virtual
power management: ts ttp tm 100mhzsteps hwpstate cpb eff_freq_ro

processor	: 3
vendor_id	: AuthenticAMD
cpu family	: 21
model		: 2
model name	: AMD FX(tm)-8320 Eight-Core Processor
stepping	: 0
microcode	: 0x600084f
cpu MHz		: 2073.454
cache size	: 2048 KB
physical id	: 0
siblings	: 8
core id		: 3
cpu cores	: 4
apicid		: 19
initial apicid	: 3
fpu		: yes
fpu_exception	: yes
cpuid level	: 13
wp		: yes
flags		: fpu vme de pse tsc msr pae mce cx8 apic sep mtrr pge mca cmov pat pse36 clflush mmx fxsr sse sse2 ht syscall nx mmxext fxsr_opt pdpe1gb rdtscp lm constant_tsc rep_good nopl nonstop_tsc cpuid extd_apicid aperfmperf pni pclmulqdq monitor ssse3 fma cx16 sse4_1 sse4_2 popcnt aes xsave avx f16c lahf_lm cmp_legacy svm extapic cr8_legacy abm sse4a misalignsse 3dnowprefetch osvw ibs xop skinit wdt lwp fma4 tce nodeid_msr tbm topoext perfctr_core perfctr_nb cpb hw_pstate retpoline retpoline_amd rsb_ctxsw vmmcall bmi1 arat npt lbrv svm_lock nrip_save tsc_scale vmcb_clean flushbyasid decodeassists pausefilter pfthreshold
bugs		: fxsave_leak sysret_ss_attrs null_seg spectre_v1 spectre_v2
bogomips	: 7000.51
TLB size	: 1536 4K pages
clflush size	: 64
cache_alignment	: 64
address sizes	: 48 bits physical, 48 bits virtual
power management: ts ttp tm 100mhzsteps hwpstate cpb eff_freq_ro

processor	: 4
vendor_id	: AuthenticAMD
cpu family	: 21
model		: 2
model name	: AMD FX(tm)-8320 Eight-Core Processor
stepping	: 0
microcode	: 0x600084f
cpu MHz		: 2044.144
cache size	: 2048 KB
physical id	: 0
siblings	: 8
core id		: 4
cpu cores	: 4
apicid		: 20
initial apicid	: 4
fpu		: yes
fpu_exception	: yes
cpuid level	: 13
wp		: yes
flags		: fpu vme de pse tsc msr pae mce cx8 apic sep mtrr pge mca cmov pat pse36 clflush mmx fxsr sse sse2 ht syscall nx mmxext fxsr_opt pdpe1gb rdtscp lm constant_tsc rep_good nopl nonstop_tsc cpuid extd_apicid aperfmperf pni pclmulqdq monitor ssse3 fma cx16 sse4_1 sse4_2 popcnt aes xsave avx f16c lahf_lm cmp_legacy svm extapic cr8_legacy abm sse4a misalignsse 3dnowprefetch osvw ibs xop skinit wdt lwp fma4 tce nodeid_msr tbm topoext perfctr_core perfctr_nb cpb hw_pstate retpoline retpoline_amd rsb_ctxsw vmmcall bmi1 arat npt lbrv svm_lock nrip_save tsc_scale vmcb_clean flushbyasid decodeassists pausefilter pfthreshold
bugs		: fxsave_leak sysret_ss_attrs null_seg spectre_v1 spectre_v2
bogomips	: 7000.51
TLB size	: 1536 4K pages
clflush size	: 64
cache_alignment	: 64
address sizes	: 48 bits physical, 48 bits virtual
power management: ts ttp tm 100mhzsteps hwpstate cpb eff_freq_ro

processor	: 5
vendor_id	: AuthenticAMD
cpu family	: 21
model		: 2
model name	: AMD FX(tm)-8320 Eight-Core Processor
stepping	: 0
microcode	: 0x600084f
cpu MHz		: 2196.675
cache size	: 2048 KB
physical id	: 0
siblings	: 8
core id		: 5
cpu cores	: 4
apicid		: 21
initial apicid	: 5
fpu		: yes
fpu_exception	: yes
cpuid level	: 13
wp		: yes
flags		: fpu vme de pse tsc msr pae mce cx8 apic sep mtrr pge mca cmov pat pse36 clflush mmx fxsr sse sse2 ht syscall nx mmxext fxsr_opt pdpe1gb rdtscp lm constant_tsc rep_good nopl nonstop_tsc cpuid extd_apicid aperfmperf pni pclmulqdq monitor ssse3 fma cx16 sse4_1 sse4_2 popcnt aes xsave avx f16c lahf_lm cmp_legacy svm extapic cr8_legacy abm sse4a misalignsse 3dnowprefetch osvw ibs xop skinit wdt lwp fma4 tce nodeid_msr tbm topoext perfctr_core perfctr_nb cpb hw_pstate retpoline retpoline_amd rsb_ctxsw vmmcall bmi1 arat npt lbrv svm_lock nrip_save tsc_scale vmcb_clean flushbyasid decodeassists pausefilter pfthreshold
bugs		: fxsave_leak sysret_ss_attrs null_seg spectre_v1 spectre_v2
bogomips	: 7000.51
TLB size	: 1536 4K pages
clflush size	: 64
cache_alignment	: 64
address sizes	: 48 bits physical, 48 bits virtual
power management: ts ttp tm 100mhzsteps hwpstate cpb eff_freq_ro

processor	: 6
vendor_id	: AuthenticAMD
cpu family	: 21
model		: 2
model name	: AMD FX(tm)-8320 Eight-Core Processor
stepping	: 0
microcode	: 0x600084f
cpu MHz		: 2297.879
cache size	: 2048 KB
physical id	: 0
siblings	: 8
core id		: 6
cpu cores	: 4
apicid		: 22
initial apicid	: 6
fpu		: yes
fpu_exception	: yes
cpuid level	: 13
wp		: yes
flags		: fpu vme de pse tsc msr pae mce cx8 apic sep mtrr pge mca cmov pat pse36 clflush mmx fxsr sse sse2 ht syscall nx mmxext fxsr_opt pdpe1gb rdtscp lm constant_tsc rep_good nopl nonstop_tsc cpuid extd_apicid aperfmperf pni pclmulqdq monitor ssse3 fma cx16 sse4_1 sse4_2 popcnt aes xsave avx f16c lahf_lm cmp_legacy svm extapic cr8_legacy abm sse4a misalignsse 3dnowprefetch osvw ibs xop skinit wdt lwp fma4 tce nodeid_msr tbm topoext perfctr_core perfctr_nb cpb hw_pstate retpoline retpoline_amd rsb_ctxsw vmmcall bmi1 arat npt lbrv svm_lock nrip_save tsc_scale vmcb_clean flushbyasid decodeassists pausefilter pfthreshold
bugs		: fxsave_leak sysret_ss_attrs null_seg spectre_v1 spectre_v2
bogomips	: 7000.51
TLB size	: 1536 4K pages
clflush size	: 64
cache_alignment	: 64
address sizes	: 48 bits physical, 48 bits virtual
power management: ts ttp tm 100mhzsteps hwpstate cpb eff_freq_ro

processor	: 7
vendor_id	: AuthenticAMD
cpu family	: 21
model		: 2
model name	: AMD FX(tm)-8320 Eight-Core Processor
stepping	: 0
microcode	: 0x600084f
cpu MHz		: 2280.061
cache size	: 2048 KB
physical id	: 0
siblings	: 8
core id		: 7
cpu cores	: 4
apicid		: 23
initial apicid	: 7
fpu		: yes
fpu_exception	: yes
cpuid level	: 13
wp		: yes
flags		: fpu vme de pse tsc msr pae mce cx8 apic sep mtrr pge mca cmov pat pse36 clflush mmx fxsr sse sse2 ht syscall nx mmxext fxsr_opt pdpe1gb rdtscp lm constant_tsc rep_good nopl nonstop_tsc cpuid extd_apicid aperfmperf pni pclmulqdq monitor ssse3 fma cx16 sse4_1 sse4_2 popcnt aes xsave avx f16c lahf_lm cmp_legacy svm extapic cr8_legacy abm sse4a misalignsse 3dnowprefetch osvw ibs xop skinit wdt lwp fma4 tce nodeid_msr tbm topoext perfctr_core perfctr_nb cpb hw_pstate retpoline retpoline_amd rsb_ctxsw vmmcall bmi1 arat npt lbrv svm_lock nrip_save tsc_scale vmcb_clean flushbyasid decodeassists pausefilter pfthreshold
bugs		: fxsave_leak sysret_ss_attrs null_seg spectre_v1 spectre_v2
bogomips	: 7000.51
TLB size	: 1536 4K pages
clflush size	: 64
cache_alignment	: 64
address sizes	: 48 bits physical, 48 bits virtual
power management: ts ttp tm 100mhzsteps hwpstate cpb eff_freq_ro



Memory: 4k page, physical 8117168k(4205880k free), swap 15999996k(15999996k free)

vm_info: OpenJDK 64-Bit Server VM (25.162-b12) for linux-amd64 JRE (1.8.0_162-8u162-b12-0ubuntu0.16.04.2-b12), built on Mar 14 2018 12:11:18 by "buildd" with gcc 5.4.0 20160609

time: Sun Apr 15 21:01:07 2018
elapsed time: 0 seconds (0d 0h 0m 0s)

